###############################################################################
#
# IAR C/C++ Compiler V7.21.1.1000/W32 for MSP430          12/Mar/2022  17:48:27
# Copyright 1996-2021 IAR Systems AB.
# PC-locked license - IAR Embedded Workbench for MSP430, 8K KickStart Edition 7.21
#
#    __rt_version  =  3
#    __double_size =  32
#    __reg_r4      =  free
#    __reg_r5      =  free
#    __pic         =  no
#    __core        =  430X
#    __data_model  =  small
#    __code_model  =  large
#    Source file   =  C:\Users\saad\Documents\ece-306\Project 07\adc.c
#    Command line  =  
#        -f C:\Users\saad\AppData\Local\Temp\EWD0E9.tmp
#        ("C:\Users\saad\Documents\ece-306\Project 07\adc.c" -lC
#        "C:\Users\saad\Documents\ece-306\Project 07\Debug\List" -o
#        "C:\Users\saad\Documents\ece-306\Project 07\Debug\Obj" --no_cse
#        --no_unroll --no_inline --no_code_motion --no_tbaa --debug
#        -D__MSP430FR2355__ -e --double=32 --dlib_config "C:\Program Files\IAR
#        Systems\Embedded Workbench 8.5\430\lib\dlib\dl430xlsfn.h" -I ./
#        --core=430X --data_model=small -On --multiplier=32
#        --hw_workaround=CPU40 --code_model=large)
#    Locale        =  English_USA.1252
#    List file     =  
#        C:\Users\saad\Documents\ece-306\Project 07\Debug\List\adc.lst
#    Object file   =  
#        C:\Users\saad\Documents\ece-306\Project 07\Debug\Obj\adc.r43
#
###############################################################################

C:\Users\saad\Documents\ece-306\Project 07\adc.c
      1          #include "msp430.h"

   \                                 In  segment DATA16_AN, at 0x700
   \   union <unnamed> _A_ADCCTL0_L
   \                     _A_ADCCTL0_L:
   \   000000                DS8 2

   \                                 In  segment DATA16_AN, at 0x702
   \   union <unnamed> _A_ADCCTL1_L
   \                     _A_ADCCTL1_L:
   \   000000                DS8 2

   \                                 In  segment DATA16_AN, at 0x704
   \   union <unnamed> _A_ADCCTL2_L
   \                     _A_ADCCTL2_L:
   \   000000                DS8 2

   \                                 In  segment DATA16_AN, at 0x70a
   \   union <unnamed> _A_ADCMCTL0_L
   \                     _A_ADCMCTL0_L:
   \   000000                DS8 2

   \                                 In  segment DATA16_AN, at 0x712
   \   union <unnamed> _A_ADCMEM0_L
   \                     _A_ADCMEM0_L:
   \   000000                DS8 2

   \                                 In  segment DATA16_AN, at 0x71a
   \   union <unnamed> _A_ADCIE_L
   \                     _A_ADCIE_L:
   \   000000                DS8 2

   \                                 In  segment DATA16_AN, at 0x71e
   \   union <unnamed> _A_ADCIV_L
   \                     _A_ADCIV_L:
   \   000000                DS8 2

   \                                 In  segment DATA16_AN, at 0x120
   \   union <unnamed> _A_PMMCTL0_L
   \                     _A_PMMCTL0_L:
   \   000000                DS8 2

   \                                 In  segment DATA16_AN, at 0x124
   \   union <unnamed> _A_PMMCTL2_L
   \                     _A_PMMCTL2_L:
   \   000000                DS8 2

   \                                 In  segment DATA16_AN, at 0xcb0
   \   union <unnamed> _A_SAC3OA_L
   \                     _A_SAC3OA_L:
   \   000000                DS8 2

   \                                 In  segment DATA16_AN, at 0xcb2
   \   union <unnamed> _A_SAC3PGA_L
   \                     _A_SAC3PGA_L:
   \   000000                DS8 2

   \                                 In  segment DATA16_AN, at 0xcb4
   \   union <unnamed> _A_SAC3DAC_L
   \                     _A_SAC3DAC_L:
   \   000000                DS8 2

   \                                 In  segment DATA16_AN, at 0xcb6
   \   union <unnamed> _A_SAC3DAT_L
   \                     _A_SAC3DAT_L:
   \   000000                DS8 2
      2          #include "ports.h"
      3          #include "adc.h"
      4          #include "macros.h"
      5          #include "wheels.h"
      6          #include "functions.h"
      7          #include "detectors.h"
      8          #include "sm.h"
      9          #include <string.h>
     10          

   \                                 In  segment DATA16_Z, align 2, align-sorted
   \   000000                REQUIRE ?cstart_init_zero
     11          volatile unsigned int ADC_Channel;
   \                     ADC_Channel:
   \   000000                DS8 2

   \                                 In  segment DATA16_Z, align 2, align-sorted
   \   000000                REQUIRE ?cstart_init_zero
     12          volatile unsigned int ADC_Left_Detect,ADC_Right_Detect,ADC_Thumb, ADC_Vbat, ADC_Vdac, ADC_V3v3;
   \                     ADC_Left_Detect:
   \   000000                DS8 2

   \                                 In  segment DATA16_Z, align 2, align-sorted
   \   000000                REQUIRE ?cstart_init_zero
   \                     ADC_Right_Detect:
   \   000000                DS8 2

   \                                 In  segment DATA16_Z, align 2, align-sorted
   \   000000                REQUIRE ?cstart_init_zero
   \                     ADC_Thumb:
   \   000000                DS8 2

   \                                 In  segment DATA16_Z, align 2, align-sorted
   \   000000                REQUIRE ?cstart_init_zero
   \                     ADC_Vbat:
   \   000000                DS8 2

   \                                 In  segment DATA16_Z, align 2, align-sorted
   \   000000                REQUIRE ?cstart_init_zero
   \                     ADC_Vdac:
   \   000000                DS8 2

   \                                 In  segment DATA16_Z, align 2, align-sorted
   \   000000                REQUIRE ?cstart_init_zero
   \                     ADC_V3v3:
   \   000000                DS8 2

   \                                 In  segment DATA16_Z, align 2, align-sorted
   \   000000                REQUIRE ?cstart_init_zero
     13          volatile unsigned int DAC_data;
   \                     DAC_data:
   \   000000                DS8 2
     14          extern char display_line[4][11];
     15          extern volatile unsigned char display_changed;
     16          extern volatile unsigned int checkAdc;
     17          extern volatile char state;

   \                                 In  segment DATA16_Z, align 2, align-sorted
   \   000000                REQUIRE ?cstart_init_zero
     18          volatile unsigned int adcUpdated;
   \                     adcUpdated:
   \   000000                DS8 2
     19          

   \                                 In  segment CODE, align 2
     20          void Init_ADC(void){
   \                     Init_ADC:
     21          //------------------------------------------------------------------------------
     22          // V_DETECT_L
     23          // V_DETECT_R
     24          // V_THUMB
     25          //------------------------------------------------------------------------------
     26          // ADCCTL0 Register
     27            ADCCTL0 = 0;
   \   000000   82430007     MOV.W   #0x0, &0x700
     28            ADCCTL0 |= ADCSHT_2;
   \   000004   B2D000020007 BIS.W   #0x200, &0x700
     29            ADCCTL0 |= ADCMSC;
   \   00000A   B2D080000007 BIS.W   #0x80, &0x700
     30            ADCCTL0 |= ADCON;
   \   000010   B2D010000007 BIS.W   #0x10, &0x700
     31          // ADCCTL1 Register
     32            ADCCTL1 = 0;
   \   000016   82430207     MOV.W   #0x0, &0x702
     33            ADCCTL1 |= ADCSHS_0; 
   \   00001A   924202070207 MOV.W   &0x702, &0x702
     34            ADCCTL1 |= ADCSHP; 
   \   000020   B2D000020207 BIS.W   #0x200, &0x702
     35            ADCCTL1 &= ~ADCISSH; 
   \   000026   B2C000010207 BIC.W   #0x100, &0x702
     36            ADCCTL1 |= ADCDIV_0; 
   \   00002C   924202070207 MOV.W   &0x702, &0x702
     37            ADCCTL1 |= ADCSSEL_0; 
   \   000032   924202070207 MOV.W   &0x702, &0x702
     38            ADCCTL1 |= ADCCONSEQ_0;
   \   000038   924202070207 MOV.W   &0x702, &0x702
     39          // ADCCTL2 Register
     40            ADCCTL2 = 0;
   \   00003E   82430407     MOV.W   #0x0, &0x704
     41            ADCCTL2 |= ADCPDIV0;
   \   000042   B2D000010407 BIS.W   #0x100, &0x704
     42            ADCCTL2 |= ADCRES_1;
   \   000048   B2D010000407 BIS.W   #0x10, &0x704
     43            ADCCTL2 &= ~ADCDF;
   \   00004E   B2C20407     BIC.W   #0x8, &0x704
     44            ADCCTL2 &= ~ADCSR;
   \   000052   A2C20407     BIC.W   #0x4, &0x704
     45          // ADCMCTL0 Register
     46            ADCMCTL0 |= ADCSREF_0;
   \   000056   92420A070A07 MOV.W   &0x70a, &0x70a
     47            ADCMCTL0 |= ADCINCH_5;
   \   00005C   B2D005000A07 BIS.W   #0x5, &0x70a
     48            
     49            ADCIE |= ADCIE0;
   \   000062   92D31A07     BIS.W   #0x1, &0x71a
     50            ADCCTL0 |= ADCENC;
   \   000066   A2D30007     BIS.W   #0x2, &0x700
     51            ADCCTL0 |= ADCSC;
   \   00006A   92D30007     BIS.W   #0x1, &0x700
     52          }
   \   00006E   1001         RETA
   \   000070                REQUIRE _A_ADCCTL0_L
   \   000070                REQUIRE _A_ADCCTL1_L
   \   000070                REQUIRE _A_ADCCTL2_L
   \   000070                REQUIRE _A_ADCMCTL0_L
   \   000070                REQUIRE _A_ADCIE_L
     53          

   \                                 In  segment CODE, align 2
     54          void Init_REF(void){
   \                     Init_REF:
     55            PMMCTL0_H = PMMPW_H;
   \   000000   F240A5002101 MOV.B   #0xa5, &0x121
     56            PMMCTL2 = INTREFEN;
   \   000006   92432401     MOV.W   #0x1, &0x124
     57            PMMCTL2 |= REFVSEL_2;
   \   00000A   B2D020002401 BIS.W   #0x20, &0x124
     58            while(!(PMMCTL2 & REFGENRDY));
   \                     ??Init_REF_0:
   \   000010   B2B000102401 BIT.W   #0x1000, &0x124
   \   000016   FC2B         JNC     ??Init_REF_0
     59          }
   \   000018   1001         RETA
   \   00001A                REQUIRE _A_PMMCTL0_L
   \   00001A                REQUIRE _A_PMMCTL2_L
     60          

   \                                 In  segment CODE, align 2
     61          void Init_DAC(void){
   \                     Init_DAC:
     62            DAC_data = 1000;
   \   000000   B240E803.... MOV.W   #0x3e8, &DAC_data
     63            SAC3DAT = DAC_data;
   \   000006   9242....B60C MOV.W   &DAC_data, &0xcb6
     64            SAC3DAC = DACSREF_1;
   \   00000C   B2400010B40C MOV.W   #0x1000, &0xcb4
     65            SAC3DAC |= DACLSEL_0;
   \   000012   9242B40CB40C MOV.W   &0xcb4, &0xcb4
     66          //  SAC3DAC |= DACIE;
     67            SAC3DAC |= DACEN;
   \   000018   92D3B40C     BIS.W   #0x1, &0xcb4
     68            SAC3OA = NMUXEN; 
   \   00001C   B2408000B00C MOV.W   #0x80, &0xcb0
     69            SAC3OA |= PMUXEN; 
   \   000022   B2D2B00C     BIS.W   #0x8, &0xcb0
     70            SAC3OA |= PSEL_1; 
   \   000026   92D3B00C     BIS.W   #0x1, &0xcb0
     71            SAC3OA |= NSEL_1; 
   \   00002A   B2D01000B00C BIS.W   #0x10, &0xcb0
     72            SAC3OA |= OAPM; 
   \   000030   B2D00002B00C BIS.W   #0x200, &0xcb0
     73            SAC3PGA = MSEL_1; 
   \   000036   9243B20C     MOV.W   #0x1, &0xcb2
     74            SAC3OA |= SACEN; 
   \   00003A   B2D00004B00C BIS.W   #0x400, &0xcb0
     75            SAC3OA |= OAEN;
   \   000040   B2D00001B00C BIS.W   #0x100, &0xcb0
     76          }
   \   000046   1001         RETA
   \   000048                REQUIRE _A_SAC3DAT_L
   \   000048                REQUIRE _A_SAC3DAC_L
   \   000048                REQUIRE _A_SAC3OA_L
   \   000048                REQUIRE _A_SAC3PGA_L
     77          
     78          #pragma vector=ADC_VECTOR 

   \                                 In  segment ISR_CODE, align 2
     79          __interrupt void ADC_ISR(void){
   \                     ADC_ISR:
   \   000000   3F15         PUSHM.W #0x4, R15
     80            
     81            switch(__even_in_range(ADCIV,ADCIV_ADCIFG)){ 
   \   000002   1F421E07     MOV.W   &0x71e, R15
   \   000006   E00F         ADDA    R15, PC
   \                     `?<Jumptable for ADC_ISR>_0`:
   \   000008   8C3C         JMP     ??ADC_ISR_1
   \   00000A   8B3C         JMP     ??ADC_ISR_1
   \   00000C   8A3C         JMP     ??ADC_ISR_1
   \   00000E   893C         JMP     ??ADC_ISR_1
   \   000010   883C         JMP     ??ADC_ISR_1
   \   000012   873C         JMP     ??ADC_ISR_1
   \   000014   003C         JMP     ??ADC_ISR_9
     82              case ADCIV_NONE:
     83                break;
     84              case ADCIV_ADCOVIFG:
     85                break;
     86              case ADCIV_ADCTOVIFG:
     87                break;
     88              case ADCIV_ADCHIIFG:
     89                break;
     90              case ADCIV_ADCLOIFG:
     91                break;
     92              case ADCIV_ADCINIFG:
     93                break;
     94              case ADCIV_ADCIFG:
     95                ADCCTL0 &= ~ADCENC; 
   \                     ??ADC_ISR_9:
   \   000016   A2C30007     BIC.W   #0x2, &0x700
     96                switch (ADC_Channel++){
   \   00001A   1F42....     MOV.W   &ADC_Channel, R15
   \   00001E   0E4F         MOV.W   R15, R14
   \   000020   1E53         ADD.W   #0x1, R14
   \   000022   824E....     MOV.W   R14, &ADC_Channel
   \   000026   0F83         SUB.W   #0x0, R15
   \   000028   0D24         JEQ     ??ADC_ISR_2
   \   00002A   1F83         SUB.W   #0x1, R15
   \   00002C   2324         JEQ     ??ADC_ISR_3
   \   00002E   1F83         SUB.W   #0x1, R15
   \   000030   3224         JEQ     ??ADC_ISR_4
   \   000032   1F83         SUB.W   #0x1, R15
   \   000034   4124         JEQ     ??ADC_ISR_5
   \   000036   1F83         SUB.W   #0x1, R15
   \   000038   4F24         JEQ     ??ADC_ISR_6
   \   00003A   1F83         SUB.W   #0x1, R15
   \   00003C   5D24         JEQ     ??ADC_ISR_7
   \   00003E   1F83         SUB.W   #0x1, R15
   \   000040   6A24         JEQ     ??ADC_ISR_8
   \   000042   6D3C         JMP     ??ADC_ISR_0
     97                  case 0x00:
     98                    ADCMCTL0 &= ~ADCINCH_5; 
   \                     ??ADC_ISR_2:
   \   000044   B2F0FAFF0A07 AND.W   #0xfffa, &0x70a
     99                    ADCMCTL0 = ADCINCH_9; 
   \   00004A   B24009000A07 MOV.W   #0x9, &0x70a
    100                    ADC_Thumb = ADCMEM0; 
   \   000050   92421207.... MOV.W   &0x712, &ADC_Thumb
    101                    ADC_Thumb = ADC_Thumb >> 2; 
   \   000056   1F42....     MOV.W   &ADC_Thumb, R15
   \   00005A   5F07         RRUM.W  #0x2, R15
   \   00005C   824F....     MOV.W   R15, &ADC_Thumb
    102                    ADCCTL0 |= ADCSC;
   \   000060   92D30007     BIS.W   #0x1, &0x700
    103                    HEXtoBCD(ADC_Thumb,3,0); 
   \   000064   0E43         MOV.W   #0x0, R14
   \   000066   3D400300     MOV.W   #0x3, R13
   \   00006A   1C42....     MOV.W   &ADC_Thumb, R12
   \   00006E   ........     CALLA   #HEXtoBCD
    104                    break; 
   \   000072   553C         JMP     ??ADC_ISR_0
    105                  case 0x01:
    106                    ADCMCTL0 &= ~ADCINCH_9; 
   \                     ??ADC_ISR_3:
   \   000074   B2F0F6FF0A07 AND.W   #0xfff6, &0x70a
    107                    ADCMCTL0 = ADCINCH_10; 
   \   00007A   B2400A000A07 MOV.W   #0xa, &0x70a
    108                    ADC_Vbat = ADCMEM0; 
   \   000080   92421207.... MOV.W   &0x712, &ADC_Vbat
    109                    ADC_Vbat = ADC_Vbat >> 2; 
   \   000086   1F42....     MOV.W   &ADC_Vbat, R15
   \   00008A   5F07         RRUM.W  #0x2, R15
   \   00008C   824F....     MOV.W   R15, &ADC_Vbat
    110                    ADCCTL0 |= ADCSC;
   \   000090   92D30007     BIS.W   #0x1, &0x700
    111                    //HEXtoBCD(ADC_Vbat,1); 
    112                    break; 
   \   000094   443C         JMP     ??ADC_ISR_0
    113                  case 0x02:
    114                    ADCMCTL0 &= ~ADCINCH_10; 
   \                     ??ADC_ISR_4:
   \   000096   B2F0F5FF0A07 AND.W   #0xfff5, &0x70a
    115                    ADCMCTL0 = ADCINCH_11; 
   \   00009C   B2400B000A07 MOV.W   #0xb, &0x70a
    116                    ADC_Vdac = ADCMEM0; 
   \   0000A2   92421207.... MOV.W   &0x712, &ADC_Vdac
    117                    ADC_Vdac = ADC_Vdac >> 2; 
   \   0000A8   1F42....     MOV.W   &ADC_Vdac, R15
   \   0000AC   5F07         RRUM.W  #0x2, R15
   \   0000AE   824F....     MOV.W   R15, &ADC_Vdac
    118                    //HEXtoBCD(ADC_Vdac,2); 
    119                    ADCCTL0 |= ADCSC;
   \   0000B2   92D30007     BIS.W   #0x1, &0x700
    120                    break;
   \   0000B6   333C         JMP     ??ADC_ISR_0
    121                  case 0x03:
    122                    ADCMCTL0 &= ~ADCINCH_11; 
   \                     ??ADC_ISR_5:
   \   0000B8   B2F0F4FF0A07 AND.W   #0xfff4, &0x70a
    123                    ADCMCTL0 = ADCINCH_2; 
   \   0000BE   A2430A07     MOV.W   #0x2, &0x70a
    124                    ADC_V3v3 = ADCMEM0; 
   \   0000C2   92421207.... MOV.W   &0x712, &ADC_V3v3
    125                    ADC_V3v3 = ADC_V3v3 >> 2; 
   \   0000C8   1F42....     MOV.W   &ADC_V3v3, R15
   \   0000CC   5F07         RRUM.W  #0x2, R15
   \   0000CE   824F....     MOV.W   R15, &ADC_V3v3
    126                    //HEXtoBCD(ADC_V3v3,3); 
    127                    ADCCTL0 |= ADCSC;
   \   0000D2   92D30007     BIS.W   #0x1, &0x700
    128                    break; 
   \   0000D6   233C         JMP     ??ADC_ISR_0
    129                  case 0x04:
    130                    ADCMCTL0 &= ~ADCINCH_2; 
   \                     ??ADC_ISR_6:
   \   0000D8   A2C30A07     BIC.W   #0x2, &0x70a
    131                    ADCMCTL0 = ADCINCH_3; 
   \   0000DC   B24003000A07 MOV.W   #0x3, &0x70a
    132                    ADC_Left_Detect = ADCMEM0; 
   \   0000E2   92421207.... MOV.W   &0x712, &ADC_Left_Detect
    133                    ADC_Left_Detect = ADC_Left_Detect >> 1; 
   \   0000E8   1F42....     MOV.W   &ADC_Left_Detect, R15
   \   0000EC   5F03         RRUM.W  #0x1, R15
   \   0000EE   824F....     MOV.W   R15, &ADC_Left_Detect
    134                    ADCCTL0 |= ADCSC;
   \   0000F2   92D30007     BIS.W   #0x1, &0x700
    135                    break; 
   \   0000F6   133C         JMP     ??ADC_ISR_0
    136                  case 0x05:
    137                    ADCMCTL0 &= ~ADCINCH_3; 
   \                     ??ADC_ISR_7:
   \   0000F8   B2F0FCFF0A07 AND.W   #0xfffc, &0x70a
    138                    ADCMCTL0 = ADCINCH_5; 
   \   0000FE   B24005000A07 MOV.W   #0x5, &0x70a
    139                    ADC_Right_Detect = ADCMEM0; 
   \   000104   92421207.... MOV.W   &0x712, &ADC_Right_Detect
    140                    ADC_Right_Detect = ADC_Right_Detect >> 1; 
   \   00010A   1F42....     MOV.W   &ADC_Right_Detect, R15
   \   00010E   5F03         RRUM.W  #0x1, R15
   \   000110   824F....     MOV.W   R15, &ADC_Right_Detect
    141                    break; 
   \   000114   043C         JMP     ??ADC_ISR_0
    142                  case 0x06:
    143                    adcUpdated = 1;
   \                     ??ADC_ISR_8:
   \   000116   9243....     MOV.W   #0x1, &adcUpdated
    144                    ADC_Channel=0;
   \   00011A   8243....     MOV.W   #0x0, &ADC_Channel
    145                    break; 
    146                  default: break;
    147                  }
    148                  ADCCTL0 |= ADCENC; 
   \                     ??ADC_ISR_0:
   \   00011E   A2D30007     BIS.W   #0x2, &0x700
    149                  
    150              default: break;
    151            }
    152          }
   \                     ??ADC_ISR_1:
   \   000122   3C17         POPM.W  #0x4, R15
   \   000124   0013         RETI
   \   000126                REQUIRE _A_ADCCTL0_L
   \   000126                REQUIRE _A_ADCMCTL0_L
   \   000126                REQUIRE _A_ADCMEM0_L
   \   000126                REQUIRE _A_ADCIV_L
    153          
    154          

   \                                 In  segment CODE, align 2
    155          void HEXtoBCD(int hex_value, int line, int start){
   \                     HEXtoBCD:
   \   000000   3B15         PUSHM.W #0x4, R11
   \   000002   0A4E         MOV.W   R14, R10
    156            int value=0;
   \   000004   0F43         MOV.W   #0x0, R15
    157            while(hex_value>999){
   \                     ??HEXtoBCD_0:
   \   000006   3C90E803     CMP.W   #0x3e8, R12
   \   00000A   0438         JL      ??HEXtoBCD_3
    158              hex_value-=1000;
   \   00000C   3C5018FC     ADD.W   #0xfc18, R12
    159              value+=1;
   \   000010   1F53         ADD.W   #0x1, R15
   \   000012   F93F         JMP     ??HEXtoBCD_0
    160            }
    161            display_line[line][start] = 0x30 + value;
   \                     ??HEXtoBCD_3:
   \   000014   0E12         PUSH.W  R14
   \   000016   C14F0000     MOV.B   R15, 0(SP)
   \   00001A   3E41         POP.W   R14
   \   00001C   7E503000     ADD.B   #0x30, R14
   \   000020   0B4D         MOV.W   R13, R11
   \   000022                RPT     #0xa
   \   000022   49180B5D     ADDX.W  R13, R11
   \   000026   0B5A         ADD.W   R10, R11
   \   000028   CB4E....     MOV.B   R14, display_line(R11)
    162            value = 0;
   \   00002C   0F43         MOV.W   #0x0, R15
    163            while(hex_value > 99){
   \                     ??HEXtoBCD_1:
   \   00002E   3C906400     CMP.W   #0x64, R12
   \   000032   1138         JL      ??HEXtoBCD_4
    164              hex_value -= 100;
   \   000034   3C509CFF     ADD.W   #0xff9c, R12
    165              value += 1;
   \   000038   1F53         ADD.W   #0x1, R15
    166              display_line[line][start+1] = 0x30 + value;
   \   00003A   0B12         PUSH.W  R11
   \   00003C   C14F0000     MOV.B   R15, 0(SP)
   \   000040   3B41         POP.W   R11
   \   000042   7B503000     ADD.B   #0x30, R11
   \   000046   084D         MOV.W   R13, R8
   \   000048                RPT     #0xa
   \   000048   4918085D     ADDX.W  R13, R8
   \   00004C   0E4A         MOV.W   R10, R14
   \   00004E   0E58         ADD.W   R8, R14
   \   000050   CE4B....     MOV.B   R11, display_line + 1(R14)
   \   000054   EC3F         JMP     ??HEXtoBCD_1
    167            }
    168            display_line[line][start+1] = 0x30 + value;
   \                     ??HEXtoBCD_4:
   \   000056   0B12         PUSH.W  R11
   \   000058   C14F0000     MOV.B   R15, 0(SP)
   \   00005C   3B41         POP.W   R11
   \   00005E   7B503000     ADD.B   #0x30, R11
   \   000062   084D         MOV.W   R13, R8
   \   000064                RPT     #0xa
   \   000064   4918085D     ADDX.W  R13, R8
   \   000068   0E4A         MOV.W   R10, R14
   \   00006A   0E58         ADD.W   R8, R14
   \   00006C   CE4B....     MOV.B   R11, display_line + 1(R14)
    169            value = 0;
   \   000070   0F43         MOV.W   #0x0, R15
    170            while(hex_value > 9){
   \                     ??HEXtoBCD_2:
   \   000072   3C900A00     CMP.W   #0xa, R12
   \   000076   0438         JL      ??HEXtoBCD_5
    171              hex_value -= 10;
   \   000078   3C50F6FF     ADD.W   #0xfff6, R12
    172              value += 1;
   \   00007C   1F53         ADD.W   #0x1, R15
   \   00007E   F93F         JMP     ??HEXtoBCD_2
    173            }
    174            display_line[line][start+2] = 0x30 + value;
   \                     ??HEXtoBCD_5:
   \   000080   0B12         PUSH.W  R11
   \   000082   C14F0000     MOV.B   R15, 0(SP)
   \   000086   3B41         POP.W   R11
   \   000088   7B503000     ADD.B   #0x30, R11
   \   00008C   084D         MOV.W   R13, R8
   \   00008E                RPT     #0xa
   \   00008E   4918085D     ADDX.W  R13, R8
   \   000092   0E4A         MOV.W   R10, R14
   \   000094   0E58         ADD.W   R8, R14
   \   000096   CE4B....     MOV.B   R11, display_line + 2(R14)
    175            display_line[line][start+3] = 0x30 + hex_value;
   \   00009A   0B12         PUSH.W  R11
   \   00009C   C14C0000     MOV.B   R12, 0(SP)
   \   0000A0   3B41         POP.W   R11
   \   0000A2   7B503000     ADD.B   #0x30, R11
   \   0000A6   084D         MOV.W   R13, R8
   \   0000A8                RPT     #0xa
   \   0000A8   4918085D     ADDX.W  R13, R8
   \   0000AC   0E4A         MOV.W   R10, R14
   \   0000AE   0E58         ADD.W   R8, R14
   \   0000B0   CE4B....     MOV.B   R11, display_line + 3(R14)
    176            display_changed=1;
   \   0000B4   D243....     MOV.B   #0x1, &display_changed
    177          }
   \   0000B8   3817         POPM.W  #0x4, R11
   \   0000BA   1001         RETA

   \                                 In  segment INTVEC, offset 0x3a, root
   \                     `??ADC_ISR::??INTVEC 58`:
   \   00003A   ....         DC16    ADC_ISR
    178          

   Maximum stack usage in bytes:

   CSTACK Function
   ------ --------
     12   ADC_ISR
       12   -> HEXtoBCD
     14   HEXtoBCD
      4   Init_ADC
      4   Init_DAC
      4   Init_REF


   Segment part sizes:

   Bytes  Function/Label
   -----  --------------
       2  ADC_Channel
     294  ADC_ISR
       2  ADC_ISR::??INTVEC 58
       2  ADC_Left_Detect
       2  ADC_Right_Detect
       2  ADC_Thumb
       2  ADC_V3v3
       2  ADC_Vbat
       2  ADC_Vdac
       2  DAC_data
     188  HEXtoBCD
     112  Init_ADC
      72  Init_DAC
      26  Init_REF
       2  _A_ADCCTL0_L
       2  _A_ADCCTL1_L
       2  _A_ADCCTL2_L
       2  _A_ADCIE_L
       2  _A_ADCIV_L
       2  _A_ADCMCTL0_L
       2  _A_ADCMEM0_L
       2  _A_PMMCTL0_L
       2  _A_PMMCTL2_L
       2  _A_SAC3DAC_L
       2  _A_SAC3DAT_L
       2  _A_SAC3OA_L
       2  _A_SAC3PGA_L
       2  adcUpdated

 
 398 bytes in segment CODE
  26 bytes in segment DATA16_AN
  18 bytes in segment DATA16_Z
   2 bytes in segment INTVEC
 294 bytes in segment ISR_CODE
 
 692 bytes of CODE  memory
   0 bytes of CONST memory (+  2 bytes shared)
  18 bytes of DATA  memory (+ 26 bytes shared)

Errors: none
Warnings: none
