###############################################################################
#
# IAR C/C++ Compiler V7.21.1.1000/W32 for MSP430          06/Mar/2022  20:34:27
# Copyright 1996-2021 IAR Systems AB.
# PC-locked license - IAR Embedded Workbench for MSP430, 8K KickStart Edition 7.21
#
#    __rt_version  =  3
#    __double_size =  32
#    __reg_r4      =  free
#    __reg_r5      =  free
#    __pic         =  no
#    __core        =  430X
#    __data_model  =  small
#    __code_model  =  large
#    Source file   =  C:\Users\saad\Documents\ece-306\Project 07\main.c
#    Command line  =  
#        -f C:\Users\saad\AppData\Local\Temp\EW9526.tmp
#        ("C:\Users\saad\Documents\ece-306\Project 07\main.c" -lC
#        "C:\Users\saad\Documents\ece-306\Project 07\Debug\List" -o
#        "C:\Users\saad\Documents\ece-306\Project 07\Debug\Obj" --no_cse
#        --no_unroll --no_inline --no_code_motion --no_tbaa --debug
#        -D__MSP430FR2355__ -e --double=32 --dlib_config "C:\Program Files\IAR
#        Systems\Embedded Workbench 8.5\430\lib\dlib\dl430xlsfn.h" -I ./
#        --core=430X --data_model=small -On --multiplier=32
#        --hw_workaround=CPU40 --code_model=large)
#    Locale        =  English_USA.1252
#    List file     =  
#        C:\Users\saad\Documents\ece-306\Project 07\Debug\List\main.lst
#    Object file   =  
#        C:\Users\saad\Documents\ece-306\Project 07\Debug\Obj\main.r43
#
###############################################################################

C:\Users\saad\Documents\ece-306\Project 07\main.c
      1          //------------------------------------------------------------------------------
      2          //
      3          //  Description: This file contains the Main Routine - "While" Operating System
      4          //
      5          //
      6          //  Jim Carlson
      7          //  Jan 2022
      8          //  Built with IAR Embedded Workbench Version: (7.21.1)
      9          //------------------------------------------------------------------------------
     10          
     11          //------------------------------------------------------------------------------
     12          #include  "functions.h"
     13          #include  "msp430.h"

   \                                 In  segment DATA16_AN, at 0x222
   \   union <unnamed> _A_PBOUT_L
   \                     _A_PBOUT_L:
   \   000000                DS8 2

   \                                 In  segment DATA16_AN, at 0x130
   \   union <unnamed> _A_PM5CTL0_L
   \                     _A_PM5CTL0_L:
   \   000000                DS8 2
     14          #include <string.h>
     15          #include "macros.h"
     16          #include "init.h"
     17          #include "led.h"
     18          #include "wheels.h"
     19          #include "ports.h"
     20          #include "switches.h"
     21          #include "timers.h"
     22          #include "adc.h"
     23          #include "detectors.h"
     24          #include "sm.h"
     25          // Function Prototypes
     26          void main(void);
     27          
     28          
     29          // Global Variables
     30            // Global Variables

   \                                 In  segment DATA16_Z, align 1, align-sorted
   \   000000                REQUIRE ?cstart_init_zero
     31          volatile char slow_input_down;
   \                     slow_input_down:
   \   000000                DS8 1
     32          extern char display_line[4][11];
     33          extern char *display[4];

   \                                 In  segment DATA16_Z, align 1, align-sorted
   \   000000                REQUIRE ?cstart_init_zero
     34          unsigned char display_mode;
   \                     display_mode:
   \   000000                DS8 1
     35          extern volatile unsigned char display_changed;
     36          extern volatile unsigned char update_display;
     37          extern volatile unsigned int update_display_count;
     38          extern volatile unsigned int Time_Sequence;
     39          extern volatile char one_time;
     40          extern volatile unsigned int wheel_tick;

   \                                 In  segment DATA16_Z, align 2, align-sorted
   \   000000                REQUIRE ?cstart_init_zero
     41          unsigned int test_value;
   \                     test_value:
   \   000000                DS8 2

   \                                 In  segment DATA16_Z, align 1, align-sorted
   \   000000                REQUIRE ?cstart_init_zero
     42          char chosen_direction;
   \                     chosen_direction:
   \   000000                DS8 1

   \                                 In  segment DATA16_Z, align 1, align-sorted
   \   000000                REQUIRE ?cstart_init_zero
     43          char change;
   \                     change:
   \   000000                DS8 1

   \                                 In  segment DATA16_Z, align 2, align-sorted
   \   000000                REQUIRE ?cstart_init_zero
     44          unsigned int Last_Time_Sequence;
   \                     Last_Time_Sequence:
   \   000000                DS8 2

   \                                 In  segment DATA16_Z, align 2, align-sorted
   \   000000                REQUIRE ?cstart_init_zero
     45          volatile unsigned int cycle_count;
   \                     cycle_count:
   \   000000                DS8 2

   \                                 In  segment DATA16_Z, align 2, align-sorted
   \   000000                REQUIRE ?cstart_init_zero
     46          volatile unsigned int stopwatch_seconds;
   \                     stopwatch_seconds:
   \   000000                DS8 2

   \                                 In  segment DATA16_Z, align 2, align-sorted
   \   000000                REQUIRE ?cstart_init_zero
     47          volatile unsigned int time_change;
   \                     time_change:
   \   000000                DS8 2
     48          extern volatile unsigned int right_tick, left_tick;
     49          extern char adc_char[5];
     50          extern volatile unsigned int ADC_Left_Detect,ADC_Right_Detect;
     51          extern char movingDirection;
     52          extern char enteringDirection;
     53          //===========================================================================
     54          // Function name: Main
     55          //
     56          // Description: This function contains the while loop that runs continuously
     57          // to act for the operating system. It also calls all the functions to
     58          // initialize the system.
     59          //
     60          // Passed : no variables passed
     61          // Locals: no variables declared
     62          // Returned: no values returned
     63          // Globals: char* display_1
     64          // char* display_2
     65          // slow_input_down
     66          // control_state[CNTL_STATE_INDEX]
     67          //
     68          // Author: Ibrahim Moghul
     69          // Date: Feb 2022
     70          // Compiler: Built with IAR Embedded Workbench Version: (7.21.1)
     71          //===========================================================================
     72          

   \                                 In  segment CODE, align 2
     73          void main(void){
   \                     main:
     74          //------------------------------------------------------------------------------
     75          // Main Program
     76          // This is the main routine for the program. Execution of code starts here.
     77          // The operating system is Back Ground Fore Ground.
     78          //
     79          //------------------------------------------------------------------------------
     80            PM5CTL0 &= ~LOCKLPM5;
   \   000000   92C33001     BIC.W   #0x1, &0x130
     81          // Disable the GPIO power-on default high-impedance mode to activate
     82          // previously configured port settings
     83            
     84            Init_Ports();                        // Initialize Ports
   \   000004   ........     CALLA   #Init_Ports
     85            Init_Clocks();                       // Initialize Clock System
   \   000008   ........     CALLA   #Init_Clocks
     86            Init_Conditions();                   // Initialize Variables and Initial Conditions
   \   00000C   ........     CALLA   #Init_Conditions
     87            Init_Timers();                       // Initialize Timers
   \   000010   ........     CALLA   #Init_Timers
     88            Init_LCD();                          // Initialize LCD
   \   000014   ........     CALLA   #Init_LCD
     89            Init_ADC();
   \   000018   ........     CALLA   #Init_ADC
     90            Init_REF();
   \   00001C   ........     CALLA   #Init_REF
     91            Init_DAC();
   \   000020   ........     CALLA   #Init_DAC
     92            EmitterOn();
   \   000024   ........     CALLA   #EmitterOn
     93            // Place the contents of what you want on the display, in between the quotes
     94          // Limited to 10 characters per line
     95            strcpy(display_line[0], "WAITING...");
   \   000028   3D40....     MOV.W   #`?<Constant "WAITING...">`, R13
   \   00002C   3C40....     MOV.W   #display_line, R12
   \   000030   ........     CALLA   #strcpy
     96            strcpy(display_line[1], "          ");
   \   000034   3D40....     MOV.W   #`?<Constant "          ">`, R13
   \   000038   3C40....     MOV.W   #display_line + 11, R12
   \   00003C   ........     CALLA   #strcpy
     97            strcpy(display_line[2], "          ");
   \   000040   3D40....     MOV.W   #`?<Constant "          ">`, R13
   \   000044   3C40....     MOV.W   #display_line + 22, R12
   \   000048   ........     CALLA   #strcpy
     98            strcpy(display_line[3], "          ");
   \   00004C   3D40....     MOV.W   #`?<Constant "          ">`, R13
   \   000050   3C40....     MOV.W   #display_line + 33, R12
   \   000054   ........     CALLA   #strcpy
     99            display_changed = TRUE;
   \   000058   D243....     MOV.B   #0x1, &display_changed
    100            
    101          //------------------------------------------------------------------------------
    102          // Begining of the "While" Operating System
    103          //------------------------------------------------------------------------------
    104            while(ALWAYS) {                       // Can the Operating system run
    105              Display_Process();                  // Update Display
   \                     ??main_0:
   \   00005C   ........     CALLA   #Display_Process
    106              //DetectMovement();
    107              StateMachine();                     // Run wheels state machine
   \   000060   ........     CALLA   #StateMachine
    108              MotorSafety();
   \   000064   ........     CALLA   #MotorSafety
    109              P3OUT ^= TEST_PROBE;               // Change State of TEST_PROBE OFF
   \   000068   D2E32202     XOR.B   #0x1, &0x222
    110              /*if(movingDirection == MOVING_RIGHT) strcpy(display_line[1], "  RIGHT   ");
    111              else if(movingDirection == MOVING_STRAIGHT) strcpy(display_line[1], " STRAIGHT ");
    112              else if (movingDirection == MOVING_LEFT) strcpy(display_line[1], "   LEFT   ");
    113              else if (movingDirection == NOT_MOVING) strcpy(display_line[1], "NOT MOVING");*/
    114              display_changed = 1;
   \   00006C   D243....     MOV.B   #0x1, &display_changed
    115              if(Last_Time_Sequence!=Time_Sequence){ 
   \   000070   9292........ CMP.W   &Time_Sequence, &Last_Time_Sequence
   \   000076   F227         JEQ     ??main_0
    116                Last_Time_Sequence=Time_Sequence;
   \   000078   9242........ MOV.W   &Time_Sequence, &Last_Time_Sequence
    117                cycle_count++;
   \   00007E   9253....     ADD.W   #0x1, &cycle_count
    118                time_change = 1;
   \   000082   9243....     MOV.W   #0x1, &time_change
    119                if(cycle_count == TIME_SEQUENCE_MAX){
   \   000086   B290FA00.... CMP.W   #0xfa, &cycle_count
   \   00008C   E723         JNE     ??main_0
    120                  cycle_count = 0;
   \   00008E   8243....     MOV.W   #0x0, &cycle_count
    121                  stopwatch_seconds++;
   \   000092   9253....     ADD.W   #0x1, &stopwatch_seconds
   \   000096   E23F         JMP     ??main_0
   \   000098   0343         NOP
   \   00009A                REQUIRE _A_PM5CTL0_L
   \   00009A                REQUIRE _A_PBOUT_L
    122                }
    123              }
    124             }
    125              
    126          //------------------------------------------------------------------------------
    127          }

   \                                 In  segment DATA16_C, align 1, align-sorted
   \                     `?<Constant "WAITING...">`:
   \   000000   57414954494E DC8 "WAITING..."
   \            472E2E2E00  

   \                                 In  segment DATA16_C, align 1, align-sorted
   \                     `?<Constant "          ">`:
   \   000000   202020202020 DC8 "          "
   \            2020202000  
    128          

   Maximum stack usage in bytes:

   CSTACK Function
   ------ --------
      4   main
        4   -> Display_Process
        4   -> EmitterOn
        4   -> Init_ADC
        4   -> Init_Clocks
        4   -> Init_Conditions
        4   -> Init_DAC
        4   -> Init_LCD
        4   -> Init_Ports
        4   -> Init_REF
        4   -> Init_Timers
        4   -> MotorSafety
        4   -> StateMachine
        4   -> strcpy


   Segment part sizes:

   Bytes  Function/Label
   -----  --------------
      11  ?<Constant "          ">
      11  ?<Constant "WAITING...">
       2  Last_Time_Sequence
       2  _A_PBOUT_L
       2  _A_PM5CTL0_L
       1  change
       1  chosen_direction
       2  cycle_count
       1  display_mode
     154  main
       1  slow_input_down
       2  stopwatch_seconds
       2  test_value
       2  time_change

 
 154 bytes in segment CODE
   4 bytes in segment DATA16_AN
  22 bytes in segment DATA16_C
  14 bytes in segment DATA16_Z
 
 154 bytes of CODE  memory
  22 bytes of CONST memory
  14 bytes of DATA  memory (+ 4 bytes shared)

Errors: none
Warnings: none
