###############################################################################
#
# IAR C/C++ Compiler V7.21.1.1000/W32 for MSP430          14/Mar/2022  16:46:41
# Copyright 1996-2021 IAR Systems AB.
# PC-locked license - IAR Embedded Workbench for MSP430, 8K KickStart Edition 7.21
#
#    __rt_version  =  3
#    __double_size =  32
#    __reg_r4      =  free
#    __reg_r5      =  free
#    __pic         =  no
#    __core        =  430X
#    __data_model  =  small
#    __code_model  =  large
#    Source file   =  C:\Users\saad\Documents\ece-306\Project 07\switches.c
#    Command line  =  
#        -f C:\Users\saad\AppData\Local\Temp\EWFE59.tmp
#        ("C:\Users\saad\Documents\ece-306\Project 07\switches.c" -lC
#        "C:\Users\saad\Documents\ece-306\Project 07\Debug\List" -o
#        "C:\Users\saad\Documents\ece-306\Project 07\Debug\Obj" --no_cse
#        --no_unroll --no_inline --no_code_motion --no_tbaa --debug
#        -D__MSP430FR2355__ -e --double=32 --dlib_config "C:\Program Files\IAR
#        Systems\Embedded Workbench 8.5\430\lib\dlib\dl430xlsfn.h" -I ./
#        --core=430X --data_model=small -On --multiplier=32
#        --hw_workaround=CPU40 --code_model=large)
#    Locale        =  English_USA.1252
#    List file     =  
#        C:\Users\saad\Documents\ece-306\Project 07\Debug\List\switches.lst
#    Object file   =  
#        C:\Users\saad\Documents\ece-306\Project 07\Debug\Obj\switches.r43
#
###############################################################################

C:\Users\saad\Documents\ece-306\Project 07\switches.c
      1          #include "msp430.h"

   \                                 In  segment DATA16_AN, at 0x21a
   \   union <unnamed> _A_PAIE_L
   \                     _A_PAIE_L:
   \   000000                DS8 2

   \                                 In  segment DATA16_AN, at 0x21c
   \   union <unnamed> _A_PAIFG_L
   \                     _A_PAIFG_L:
   \   000000                DS8 2

   \                                 In  segment DATA16_AN, at 0x23a
   \   union <unnamed> _A_PBIE_L
   \                     _A_PBIE_L:
   \   000000                DS8 2

   \                                 In  segment DATA16_AN, at 0x23c
   \   union <unnamed> _A_PBIFG_L
   \                     _A_PBIFG_L:
   \   000000                DS8 2

   \                                 In  segment DATA16_AN, at 0x384
   \   union <unnamed> _A_TB0CCTL1_L
   \                     _A_TB0CCTL1_L:
   \   000000                DS8 2

   \                                 In  segment DATA16_AN, at 0x386
   \   union <unnamed> _A_TB0CCTL2_L
   \                     _A_TB0CCTL2_L:
   \   000000                DS8 2

   \                                 In  segment DATA16_AN, at 0x390
   \   union <unnamed> _A_TB0R_L
   \                     _A_TB0R_L:
   \   000000                DS8 2

   \                                 In  segment DATA16_AN, at 0x394
   \   union <unnamed> _A_TB0CCR1_L
   \                     _A_TB0CCR1_L:
   \   000000                DS8 2

   \                                 In  segment DATA16_AN, at 0x396
   \   union <unnamed> _A_TB0CCR2_L
   \                     _A_TB0CCR2_L:
   \   000000                DS8 2
      2          #include "switches.h"
      3          #include "ports.h"
      4          #include "wheels.h"
      5          #include "macros.h"
      6          #include "sm.h"
      7          #include "timers.h"
      8          #include "detectors.h"
      9          #include <string.h>
     10          

   \                                 In  segment DATA16_Z, align 2, align-sorted
   \   000000                REQUIRE ?cstart_init_zero
     11          volatile unsigned int sw1Okay, sw2Okay;
   \                     sw1Okay:
   \   000000                DS8 2

   \                                 In  segment DATA16_Z, align 2, align-sorted
   \   000000                REQUIRE ?cstart_init_zero
   \                     sw2Okay:
   \   000000                DS8 2

   \                                 In  segment DATA16_Z, align 2, align-sorted
   \   000000                REQUIRE ?cstart_init_zero
     12          volatile unsigned int count_debounce_SW1, count_debounce_SW2;
   \                     count_debounce_SW1:
   \   000000                DS8 2

   \                                 In  segment DATA16_Z, align 2, align-sorted
   \   000000                REQUIRE ?cstart_init_zero
   \                     count_debounce_SW2:
   \   000000                DS8 2

   \                                 In  segment DATA16_Z, align 2, align-sorted
   \   000000                REQUIRE ?cstart_init_zero
     13          volatile unsigned int sw1_pos, sw2_pos;
   \                     sw1_pos:
   \   000000                DS8 2

   \                                 In  segment DATA16_Z, align 2, align-sorted
   \   000000                REQUIRE ?cstart_init_zero
   \                     sw2_pos:
   \   000000                DS8 2
     14          extern volatile unsigned int cycle_count;
     15          extern volatile unsigned int stopwatch_seconds;
     16          extern volatile char state;
     17          extern volatile unsigned int debounce_count1, debounce_count2;
     18          extern volatile unsigned int debouncing1, debouncing2;
     19          extern volatile unsigned int backliteBlinking;
     20          extern volatile unsigned char display_changed;
     21          extern char display_line[4][11];

   \                                 In  segment DATA16_Z, align 2, align-sorted
   \   000000                REQUIRE ?cstart_init_zero
     22          volatile unsigned int calibrationMode;
   \                     calibrationMode:
   \   000000                DS8 2
     23          
     24          //===========================================================================
     25          // Function name: switchP4_interrupt
     26          //
     27          // Description: This is the switch 1 interrupt, turns off LCD_BACKLITE and its 
     28          // blinking timer
     29          //
     30          // Passed : no variables passed
     31          // Locals: no variables declared
     32          // Returned: no values returned
     33          // Globals: no global values
     34          //
     35          // Author: Ibrahim Moghul
     36          // Date: Feb 2022
     37          // Compiler: Built with IAR Embedded Workbench Version: (7.21.1)
     38          //===========================================================================
     39          
     40          #pragma vector=PORT4_VECTOR

   \                                 In  segment ISR_CODE, align 2
     41          __interrupt void switchP4_interrupt(void){
   \                     switchP4_interrupt:
   \   000000   0F12         PUSH.W  R15
     42            if(P4IFG & SW1 && debouncing1 == FALSE){
   \   000002   E2B33D02     BIT.B   #0x2, &0x23d
   \   000006   1F28         JNC     ??switchP4_interrupt_0
   \   000008   8293....     CMP.W   #0x0, &debouncing1
   \   00000C   1C20         JNE     ??switchP4_interrupt_0
     43              P4IE &= ~SW1;
   \   00000E   E2C33B02     BIC.B   #0x2, &0x23b
     44              P4IFG &= ~SW1;
   \   000012   E2C33D02     BIC.B   #0x2, &0x23d
     45              TB0CCTL1 &= ~CCIFG;
   \   000016   92C38403     BIC.W   #0x1, &0x384
     46              TB0CCR1 = TB0R + TB0CCR1_INTERVAL;
   \   00001A   1F429003     MOV.W   &0x390, R15
   \   00001E   3F5050C3     ADD.W   #0xc350, R15
   \   000022   824F9403     MOV.W   R15, &0x394
     47              TB0CCTL1 |= CCIE; // CCR1 enable interrupt
   \   000026   B2D010008403 BIS.W   #0x10, &0x384
     48              debouncing1 = TRUE;
   \   00002C   9243....     MOV.W   #0x1, &debouncing1
     49              //debounce_count1 = 0;
     50              
     51              // Actual Code
     52              if (state == START){
   \   000030   F2905300.... CMP.B   #0x53, &state
   \   000036   0720         JNE     ??switchP4_interrupt_0
     53                stopwatch_seconds = 0;
   \   000038   8243....     MOV.W   #0x0, &stopwatch_seconds
     54                cycle_count = 0;
   \   00003C   8243....     MOV.W   #0x0, &cycle_count
     55                state = WAIT;
   \   000040   F2405700.... MOV.B   #0x57, &state
     56              }
     57            }
     58          }
   \                     ??switchP4_interrupt_0:
   \   000046   3F41         POP.W   R15
   \   000048   0013         RETI
   \   00004A                REQUIRE _A_PBIFG_L
   \   00004A                REQUIRE _A_PBIE_L
   \   00004A                REQUIRE _A_TB0CCTL1_L
   \   00004A                REQUIRE _A_TB0CCR1_L
   \   00004A                REQUIRE _A_TB0R_L
     59          
     60          //===========================================================================
     61          // Function name: switchP4_interrupt
     62          //
     63          // Description: This is the switch 2 interrupt, turns off LCD_BACKLITE and its 
     64          // blinking timer
     65          //
     66          // Passed : no variables passed
     67          // Locals: no variables declared
     68          // Returned: no values returned
     69          // Globals: no global values
     70          //
     71          // Author: Ibrahim Moghul
     72          // Date: Feb 2022
     73          // Compiler: Built with IAR Embedded Workbench Version: (7.21.1)
     74          //===========================================================================
     75          #pragma vector=PORT2_VECTOR

   \                                 In  segment ISR_CODE, align 2
     76          __interrupt void switchP2_interrupt(void){
   \                     switchP2_interrupt:
   \   000000   0F12         PUSH.W  R15
     77            if(P2IFG & SW2 && debouncing2 == FALSE){
   \   000002   F2B21D02     BIT.B   #0x8, &0x21d
   \   000006   1628         JNC     ??switchP2_interrupt_0
   \   000008   8293....     CMP.W   #0x0, &debouncing2
   \   00000C   1320         JNE     ??switchP2_interrupt_0
     78              P2IE &= ~SW2;
   \   00000E   F2C21B02     BIC.B   #0x8, &0x21b
     79              P2IFG &= ~SW2;
   \   000012   F2C21D02     BIC.B   #0x8, &0x21d
     80              TB0CCTL2 &= ~CCIFG;
   \   000016   92C38603     BIC.W   #0x1, &0x386
     81              TB0CCR2 = TB0R + TB0CCR2_INTERVAL;
   \   00001A   1F429003     MOV.W   &0x390, R15
   \   00001E   3F5050C3     ADD.W   #0xc350, R15
   \   000022   824F9603     MOV.W   R15, &0x396
     82              TB0CCTL2 |= CCIE; // CCR1 enable interrupt
   \   000026   B2D010008603 BIS.W   #0x10, &0x386
     83              debouncing2 = TRUE;
   \   00002C   9243....     MOV.W   #0x1, &debouncing2
     84              // Actual Code
     85              calibrationMode++;
   \   000030   9253....     ADD.W   #0x1, &calibrationMode
     86            }
     87          }
   \                     ??switchP2_interrupt_0:
   \   000034   3F41         POP.W   R15
   \   000036   0013         RETI
   \   000038                REQUIRE _A_PAIFG_L
   \   000038                REQUIRE _A_PAIE_L
   \   000038                REQUIRE _A_TB0CCTL2_L
   \   000038                REQUIRE _A_TB0CCR2_L
   \   000038                REQUIRE _A_TB0R_L

   \                                 In  segment INTVEC, offset 0x2c, root
   \                     `??switchP4_interrupt::??INTVEC 44`:
   \   00002C   ....         DC16    switchP4_interrupt

   \                                 In  segment INTVEC, offset 0x30, root
   \                     `??switchP2_interrupt::??INTVEC 48`:
   \   000030   ....         DC16    switchP2_interrupt
     88          

   Maximum stack usage in bytes:

   CSTACK Function
   ------ --------
      6   switchP2_interrupt
      6   switchP4_interrupt


   Segment part sizes:

   Bytes  Function/Label
   -----  --------------
       2  _A_PAIE_L
       2  _A_PAIFG_L
       2  _A_PBIE_L
       2  _A_PBIFG_L
       2  _A_TB0CCR1_L
       2  _A_TB0CCR2_L
       2  _A_TB0CCTL1_L
       2  _A_TB0CCTL2_L
       2  _A_TB0R_L
       2  calibrationMode
       2  count_debounce_SW1
       2  count_debounce_SW2
       2  sw1Okay
       2  sw1_pos
       2  sw2Okay
       2  sw2_pos
      56  switchP2_interrupt
       2  switchP2_interrupt::??INTVEC 48
      74  switchP4_interrupt
       2  switchP4_interrupt::??INTVEC 44

 
  18 bytes in segment DATA16_AN
  14 bytes in segment DATA16_Z
   4 bytes in segment INTVEC
 130 bytes in segment ISR_CODE
 
 130 bytes of CODE  memory
   0 bytes of CONST memory (+  4 bytes shared)
  14 bytes of DATA  memory (+ 18 bytes shared)

Errors: none
Warnings: none
