###############################################################################
#
# IAR C/C++ Compiler V7.21.1.1000/W32 for MSP430          26/Feb/2022  09:09:36
# Copyright 1996-2021 IAR Systems AB.
# PC-locked license - IAR Embedded Workbench for MSP430, 8K KickStart Edition 7.21
#
#    __rt_version  =  3
#    __double_size =  32
#    __reg_r4      =  free
#    __reg_r5      =  free
#    __pic         =  no
#    __core        =  430X
#    __data_model  =  small
#    __code_model  =  large
#    Source file   =  C:\Users\saad\Documents\ece-306\Project 06\main.c
#    Command line  =  
#        -f C:\Users\saad\AppData\Local\Temp\EW4F11.tmp
#        ("C:\Users\saad\Documents\ece-306\Project 06\main.c" -lC
#        "C:\Users\saad\Documents\ece-306\Project 06\Debug\List" -o
#        "C:\Users\saad\Documents\ece-306\Project 06\Debug\Obj" --no_cse
#        --no_unroll --no_inline --no_code_motion --no_tbaa --debug
#        -D__MSP430FR2355__ -e --double=32 --dlib_config "C:\Program Files\IAR
#        Systems\Embedded Workbench 8.5\430\lib\dlib\dl430xlsfn.h" -I ./
#        --core=430X --data_model=small -On --multiplier=32
#        --hw_workaround=CPU40 --code_model=large)
#    Locale        =  English_USA.1252
#    List file     =  
#        C:\Users\saad\Documents\ece-306\Project 06\Debug\List\main.lst
#    Object file   =  
#        C:\Users\saad\Documents\ece-306\Project 06\Debug\Obj\main.r43
#
###############################################################################

C:\Users\saad\Documents\ece-306\Project 06\main.c
      1          //------------------------------------------------------------------------------
      2          //
      3          //  Description: This file contains the Main Routine - "While" Operating System
      4          //
      5          //
      6          //  Jim Carlson
      7          //  Jan 2022
      8          //  Built with IAR Embedded Workbench Version: (7.21.1)
      9          //------------------------------------------------------------------------------
     10          
     11          //------------------------------------------------------------------------------
     12          #include  "functions.h"
     13          #include  "msp430.h"

   \                                 In  segment DATA16_AN, at 0x222
   \   union <unnamed> _A_PBOUT_L
   \                     _A_PBOUT_L:
   \   000000                DS8 2

   \                                 In  segment DATA16_AN, at 0x130
   \   union <unnamed> _A_PM5CTL0_L
   \                     _A_PM5CTL0_L:
   \   000000                DS8 2
     14          #include <string.h>
     15          #include "macros.h"
     16          #include "init.h"
     17          #include "led.h"
     18          #include "wheels.h"
     19          #include "ports.h"
     20          #include "switches.h"
     21          #include "timers.h"
     22          #include "adc.h"
     23          // Function Prototypes
     24          void main(void);
     25          
     26          
     27          // Global Variables
     28            // Global Variables

   \                                 In  segment DATA16_Z, align 1, align-sorted
   \   000000                REQUIRE ?cstart_init_zero
     29          volatile char slow_input_down;
   \                     slow_input_down:
   \   000000                DS8 1
     30          extern char display_line[4][11];
     31          extern char *display[4];

   \                                 In  segment DATA16_Z, align 1, align-sorted
   \   000000                REQUIRE ?cstart_init_zero
     32          unsigned char display_mode;
   \                     display_mode:
   \   000000                DS8 1
     33          extern volatile unsigned char display_changed;
     34          extern volatile unsigned char update_display;
     35          extern volatile unsigned int update_display_count;
     36          extern volatile unsigned int Time_Sequence;
     37          extern volatile char one_time;
     38          extern volatile unsigned int wheel_tick;

   \                                 In  segment DATA16_Z, align 2, align-sorted
   \   000000                REQUIRE ?cstart_init_zero
     39          unsigned int test_value;
   \                     test_value:
   \   000000                DS8 2

   \                                 In  segment DATA16_Z, align 1, align-sorted
   \   000000                REQUIRE ?cstart_init_zero
     40          char chosen_direction;
   \                     chosen_direction:
   \   000000                DS8 1

   \                                 In  segment DATA16_Z, align 1, align-sorted
   \   000000                REQUIRE ?cstart_init_zero
     41          char change;
   \                     change:
   \   000000                DS8 1

   \                                 In  segment DATA16_Z, align 2, align-sorted
   \   000000                REQUIRE ?cstart_init_zero
     42          volatile unsigned int Last_Time_Sequence;
   \                     Last_Time_Sequence:
   \   000000                DS8 2

   \                                 In  segment DATA16_Z, align 2, align-sorted
   \   000000                REQUIRE ?cstart_init_zero
     43          volatile unsigned int cycle_count;
   \                     cycle_count:
   \   000000                DS8 2

   \                                 In  segment DATA16_Z, align 2, align-sorted
   \   000000                REQUIRE ?cstart_init_zero
     44          volatile unsigned int stopwatch_seconds;
   \                     stopwatch_seconds:
   \   000000                DS8 2

   \                                 In  segment DATA16_Z, align 2, align-sorted
   \   000000                REQUIRE ?cstart_init_zero
     45          volatile unsigned int time_change;
   \                     time_change:
   \   000000                DS8 2
     46          extern volatile unsigned int right_tick, left_tick;
     47          extern char adc_char[5];
     48          extern volatile unsigned int ADC_Left_Detect,ADC_Right_Detect;
     49          //===========================================================================
     50          // Function name: Main
     51          //
     52          // Description: This function contains the while loop that runs continuously
     53          // to act for the operating system. It also calls all the functions to
     54          // initialize the system.
     55          //
     56          // Passed : no variables passed
     57          // Locals: no variables declared
     58          // Returned: no values returned
     59          // Globals: char* display_1
     60          // char* display_2
     61          // slow_input_down
     62          // control_state[CNTL_STATE_INDEX]
     63          //
     64          // Author: Ibrahim Moghul
     65          // Date: Feb 2022
     66          // Compiler: Built with IAR Embedded Workbench Version: (7.21.1)
     67          //===========================================================================
     68          

   \                                 In  segment CODE, align 2
     69          void main(void){
   \                     main:
     70          //------------------------------------------------------------------------------
     71          // Main Program
     72          // This is the main routine for the program. Execution of code starts here.
     73          // The operating system is Back Ground Fore Ground.
     74          //
     75          //------------------------------------------------------------------------------
     76            PM5CTL0 &= ~LOCKLPM5;
   \   000000   92C33001     BIC.W   #0x1, &0x130
     77          // Disable the GPIO power-on default high-impedance mode to activate
     78          // previously configured port settings
     79            
     80            Init_Ports();                        // Initialize Ports
   \   000004   ........     CALLA   #Init_Ports
     81            Init_Clocks();                       // Initialize Clock System
   \   000008   ........     CALLA   #Init_Clocks
     82            Init_Conditions();                   // Initialize Variables and Initial Conditions
   \   00000C   ........     CALLA   #Init_Conditions
     83            Init_Timers();                       // Initialize Timers
   \   000010   ........     CALLA   #Init_Timers
     84            Init_LCD();                          // Initialize LCD
   \   000014   ........     CALLA   #Init_LCD
     85            Init_ADC();
   \   000018   ........     CALLA   #Init_ADC
     86            Init_REF();
   \   00001C   ........     CALLA   #Init_REF
     87            Init_DAC();
   \   000020   ........     CALLA   #Init_DAC
     88            
     89            // Place the contents of what you want on the display, in between the quotes
     90          // Limited to 10 characters per line
     91            strcpy(display_line[0], "WAITING...");
   \   000024   3D40....     MOV.W   #`?<Constant "WAITING...">`, R13
   \   000028   3C40....     MOV.W   #display_line, R12
   \   00002C   ........     CALLA   #strcpy
     92            strcpy(display_line[1], "          ");
   \   000030   3D40....     MOV.W   #`?<Constant "          ">`, R13
   \   000034   3C40....     MOV.W   #display_line + 11, R12
   \   000038   ........     CALLA   #strcpy
     93            strcpy(display_line[2], "          ");
   \   00003C   3D40....     MOV.W   #`?<Constant "          ">`, R13
   \   000040   3C40....     MOV.W   #display_line + 22, R12
   \   000044   ........     CALLA   #strcpy
     94            strcpy(display_line[3], "          ");
   \   000048   3D40....     MOV.W   #`?<Constant "          ">`, R13
   \   00004C   3C40....     MOV.W   #display_line + 33, R12
   \   000050   ........     CALLA   #strcpy
     95            display_changed = TRUE;
   \   000054   D243....     MOV.B   #0x1, &display_changed
     96          
     97          //------------------------------------------------------------------------------
     98          // Begining of the "While" Operating System
     99          //------------------------------------------------------------------------------
    100            while(ALWAYS) {                       // Can the Operating system run
    101              
    102              Display_Process();                  // Update Display
   \                     ??main_0:
   \   000058   ........     CALLA   #Display_Process
    103              StateMachine();                     // Run wheels state machine
   \   00005C   ........     CALLA   #StateMachine
    104              MotorSafety();
   \   000060   ........     CALLA   #MotorSafety
    105              P3OUT ^= TEST_PROBE;               // Change State of TEST_PROBE OFF
   \   000064   D2E32202     XOR.B   #0x1, &0x222
    106              
    107              if(Last_Time_Sequence!=Time_Sequence){
                     ^
Warning[Pa082]: undefined behavior: the order of volatile accesses is undefined
          in this statement
   \   000068   1F42....     MOV.W   &Last_Time_Sequence, R15
   \   00006C   1F92....     CMP.W   &Time_Sequence, R15
   \   000070   F327         JEQ     ??main_0
    108                Last_Time_Sequence=Time_Sequence;
   \   000072   9242........ MOV.W   &Time_Sequence, &Last_Time_Sequence
    109                cycle_count++;
   \   000078   9253....     ADD.W   #0x1, &cycle_count
    110                time_change = 1;
   \   00007C   9243....     MOV.W   #0x1, &time_change
    111                if(cycle_count == TIME_SEQUENCE_MAX){
   \   000080   B290FA00.... CMP.W   #0xfa, &cycle_count
   \   000086   E823         JNE     ??main_0
    112                  cycle_count = 0;
   \   000088   8243....     MOV.W   #0x0, &cycle_count
    113                  stopwatch_seconds++;
   \   00008C   9253....     ADD.W   #0x1, &stopwatch_seconds
   \   000090   E33F         JMP     ??main_0
   \   000092   0343         NOP
   \   000094                REQUIRE _A_PM5CTL0_L
   \   000094                REQUIRE _A_PBOUT_L
    114                }
    115              }
    116             }
    117              
    118          //------------------------------------------------------------------------------
    119          }

   \                                 In  segment DATA16_C, align 1, align-sorted
   \                     `?<Constant "WAITING...">`:
   \   000000   57414954494E DC8 "WAITING..."
   \            472E2E2E00  

   \                                 In  segment DATA16_C, align 1, align-sorted
   \                     `?<Constant "          ">`:
   \   000000   202020202020 DC8 "          "
   \            2020202000  
    120          

   Maximum stack usage in bytes:

   CSTACK Function
   ------ --------
      4   main
        4   -> Display_Process
        4   -> Init_ADC
        4   -> Init_Clocks
        4   -> Init_Conditions
        4   -> Init_DAC
        4   -> Init_LCD
        4   -> Init_Ports
        4   -> Init_REF
        4   -> Init_Timers
        4   -> MotorSafety
        4   -> StateMachine
        4   -> strcpy


   Segment part sizes:

   Bytes  Function/Label
   -----  --------------
      11  ?<Constant "          ">
      11  ?<Constant "WAITING...">
       2  Last_Time_Sequence
       2  _A_PBOUT_L
       2  _A_PM5CTL0_L
       1  change
       1  chosen_direction
       2  cycle_count
       1  display_mode
     148  main
       1  slow_input_down
       2  stopwatch_seconds
       2  test_value
       2  time_change

 
 148 bytes in segment CODE
   4 bytes in segment DATA16_AN
  22 bytes in segment DATA16_C
  14 bytes in segment DATA16_Z
 
 148 bytes of CODE  memory
  22 bytes of CONST memory
  14 bytes of DATA  memory (+ 4 bytes shared)

Errors: none
Warnings: 1
