###############################################################################
#
# IAR C/C++ Compiler V7.21.1.1000/W32 for MSP430          02/Feb/2022  17:31:19
# Copyright 1996-2021 IAR Systems AB.
# PC-locked license - IAR Embedded Workbench for MSP430, 8K KickStart Edition 7.21
#
#    __rt_version  =  3
#    __double_size =  32
#    __reg_r4      =  free
#    __reg_r5      =  free
#    __pic         =  no
#    __core        =  430X
#    __data_model  =  small
#    __code_model  =  large
#    Source file   =  C:\Users\saad\Documents\ECE306\Homework 03\led.c
#    Command line  =  
#        -f C:\Users\saad\AppData\Local\Temp\EWC4C6.tmp
#        ("C:\Users\saad\Documents\ECE306\Homework 03\led.c" -lC
#        "C:\Users\saad\Documents\ECE306\Homework 03\Debug\List" -o
#        "C:\Users\saad\Documents\ECE306\Homework 03\Debug\Obj" --no_cse
#        --no_unroll --no_inline --no_code_motion --no_tbaa --debug
#        -D__MSP430FR2355__ -e --double=32 --dlib_config "C:\Program Files\IAR
#        Systems\Embedded Workbench 8.5\430\lib\dlib\dl430xlsfn.h" -I ./
#        --core=430X --data_model=small -On --multiplier=32
#        --hw_workaround=CPU40 --code_model=large)
#    Locale        =  English_USA.1252
#    List file     =  
#        C:\Users\saad\Documents\ECE306\Homework 03\Debug\List\led.lst
#    Object file   =  
#        C:\Users\saad\Documents\ECE306\Homework 03\Debug\Obj\led.r43
#
###############################################################################

C:\Users\saad\Documents\ECE306\Homework 03\led.c
      1          //==============================================================================
      2          // File Name : led.c
      3          // 
      4          // Description: This file contains mission code
      5          // 
      6          // Author: Ibrahim Moghul
      7          // Date: Feb 2022 
      8          // Compiler: Built with IAR Embedded Workbench Version: 7.21.1 
      9          //==============================================================================
     10          
     11          #include "led.h"
     12          #include "init.h"

   \                                 In  segment DATA16_AN, at 0x202
   \   union <unnamed> _A_PAOUT_L
   \                     _A_PAOUT_L:
   \   000000                DS8 2

   \                                 In  segment DATA16_AN, at 0x242
   \   union <unnamed> _A_PCOUT_L
   \                     _A_PCOUT_L:
   \   000000                DS8 2
     13          #include "functions.h"
     14          #include "ports.h"
     15          
     16          
     17          extern volatile unsigned char update_display;
     18          extern volatile unsigned char display_changed;
     19          extern volatile unsigned int Time_Sequence;
     20          extern volatile char one_time;
     21          
     22          
     23          //===========================================================================
     24          // Function name: Display_Process
     25          //
     26          // Description: Display output to LCD
     27          //
     28          // Passed : no variables passed
     29          // Locals: no variables declared
     30          // Returned: no values returned
     31          // Globals: display_changed
     32          // update_display
     33          //
     34          // Author: Ibrahim Moghul
     35          // Date: Feb 2022
     36          // Compiler: Built with IAR Embedded Workbench Version: (7.21.1)
     37          //===========================================================================

   \                                 In  segment CODE, align 2
     38          void Display_Process(void){
   \                     Display_Process:
     39            if(update_display){
   \   000000   C293....     CMP.B   #0x0, &update_display
   \   000004   0D24         JEQ     ??Display_Process_0
     40              update_display = 0;
   \   000006   C243....     MOV.B   #0x0, &update_display
     41              if(display_changed){
   \   00000A   C293....     CMP.B   #0x0, &display_changed
   \   00000E   0824         JEQ     ??Display_Process_0
     42                display_changed = 0;
   \   000010   C243....     MOV.B   #0x0, &display_changed
     43                Display_Update(0,0,0,0);
   \   000014   4F43         MOV.B   #0x0, R15
   \   000016   4E43         MOV.B   #0x0, R14
   \   000018   4D43         MOV.B   #0x0, R13
   \   00001A   4C43         MOV.B   #0x0, R12
   \   00001C   ........     CALLA   #Display_Update
     44              }
     45            }
     46          }
   \                     ??Display_Process_0:
   \   000020   1001         RETA
     47          
     48          
     49          //===========================================================================
     50          // Function name: Carlson_StateMachine
     51          //
     52          // Description: Toggle LEDs
     53          //
     54          // Passed : no variables passed
     55          // Locals: no variables declared
     56          // Returned: no values returned
     57          // Globals: one_time
     58          // Time_Sequence
     59          // display_changed
     60          //
     61          // Author: Ibrahim Moghul
     62          // Date: Feb 2022
     63          // Compiler: Built with IAR Embedded Workbench Version: (7.21.1)
     64          //===========================================================================

   \                                 In  segment CODE, align 2
     65          void Carlson_StateMachine(void){
   \                     Carlson_StateMachine:
     66              switch(Time_Sequence){
   \   000000   1F42....     MOV.W   &Time_Sequence, R15
   \   000004   3F803200     SUB.W   #0x32, R15
   \   000008   3B24         JEQ     ??Carlson_StateMachine_6
   \   00000A   3F803200     SUB.W   #0x32, R15
   \   00000E   2B24         JEQ     ??Carlson_StateMachine_7
   \   000010   3F803200     SUB.W   #0x32, R15
   \   000014   1D24         JEQ     ??Carlson_StateMachine_8
   \   000016   3F803200     SUB.W   #0x32, R15
   \   00001A   1124         JEQ     ??Carlson_StateMachine_9
   \   00001C   3F803200     SUB.W   #0x32, R15
   \   000020   3920         JNE     ??Carlson_StateMachine_5
     67                case 250:                        //
     68                  if(one_time){
   \   000022   C293....     CMP.B   #0x0, &one_time
   \   000026   0824         JEQ     ??Carlson_StateMachine_10
     69                    Init_LEDs();
   \   000028   ........     CALLA   #Init_LEDs
     70                    lcd_BIG_mid();
   \   00002C   ........     CALLA   #lcd_BIG_mid
     71                    display_changed = 1;
   \   000030   D243....     MOV.B   #0x1, &display_changed
     72                    one_time = 0;
   \   000034   C243....     MOV.B   #0x0, &one_time
     73                  }
     74                  Time_Sequence = 0;             //
   \                     ??Carlson_StateMachine_10:
   \   000038   8243....     MOV.W   #0x0, &Time_Sequence
     75                  break;
   \   00003C   1001         RETA
     76                case 200:                        //
     77                  if(one_time){
   \                     ??Carlson_StateMachine_9:
   \   00003E   C293....     CMP.B   #0x0, &one_time
   \   000042   2824         JEQ     ??Carlson_StateMachine_5
     78                    P6OUT |= GRN_LED;            // Change State of LED 5
   \   000044   F2D040004302 BIS.B   #0x40, &0x243
     79                    one_time = 0;
   \   00004A   C243....     MOV.B   #0x0, &one_time
     80                  }
     81                  break;
   \   00004E   1001         RETA
     82                case 150:                         //
     83                  if(one_time){
   \                     ??Carlson_StateMachine_8:
   \   000050   C293....     CMP.B   #0x0, &one_time
   \   000054   1F24         JEQ     ??Carlson_StateMachine_5
     84                    P1OUT |= RED_LED;            // Change State of LED 4
   \   000056   D2D30202     BIS.B   #0x1, &0x202
     85                    P6OUT &= ~GRN_LED;           // Change State of LED 5
   \   00005A   F2C040004302 BIC.B   #0x40, &0x243
     86                    one_time = 0;
   \   000060   C243....     MOV.B   #0x0, &one_time
     87                  }
     88                  break;
   \   000064   1001         RETA
     89                case 100:                         //
     90                  if(one_time){
   \                     ??Carlson_StateMachine_7:
   \   000066   C293....     CMP.B   #0x0, &one_time
   \   00006A   1424         JEQ     ??Carlson_StateMachine_5
     91          //          lcd_4line();
     92                    lcd_BIG_bot();
   \   00006C   ........     CALLA   #lcd_BIG_bot
     93                    P6OUT |= GRN_LED;            // Change State of LED 5
   \   000070   F2D040004302 BIS.B   #0x40, &0x243
     94                    display_changed = 1;
   \   000076   D243....     MOV.B   #0x1, &display_changed
     95                    one_time = 0;
   \   00007A   C243....     MOV.B   #0x0, &one_time
     96                  }
     97                  break;
   \   00007E   1001         RETA
     98                case  50:                        //
     99                  if(one_time){
   \                     ??Carlson_StateMachine_6:
   \   000080   C293....     CMP.B   #0x0, &one_time
   \   000084   0724         JEQ     ??Carlson_StateMachine_5
    100                    P1OUT &= ~RED_LED;           // Change State of LED 4
   \   000086   D2C30202     BIC.B   #0x1, &0x202
    101                    P6OUT &= ~GRN_LED;           // Change State of LED 5
   \   00008A   F2C040004302 BIC.B   #0x40, &0x243
    102                    one_time = 0;
   \   000090   C243....     MOV.B   #0x0, &one_time
    103                  }
    104                  break;                         //
    105                default: break;
    106              }
    107          }
   \                     ??Carlson_StateMachine_5:
   \   000094   1001         RETA
   \   000096                REQUIRE _A_PCOUT_L
   \   000096                REQUIRE _A_PAOUT_L

   Maximum stack usage in bytes:

   CSTACK Function
   ------ --------
      4   Carlson_StateMachine
        4   -> Init_LEDs
        4   -> lcd_BIG_bot
        4   -> lcd_BIG_mid
      4   Display_Process
        4   -> Display_Update


   Segment part sizes:

   Bytes  Function/Label
   -----  --------------
     150  Carlson_StateMachine
      34  Display_Process
       2  _A_PAOUT_L
       2  _A_PCOUT_L

 
 184 bytes in segment CODE
   4 bytes in segment DATA16_AN
 
 184 bytes of CODE memory
   0 bytes of DATA memory (+ 4 bytes shared)

Errors: none
Warnings: none
