###############################################################################
#
# IAR C/C++ Compiler V7.21.1.1000/W32 for MSP430          02/Feb/2022  17:33:11
# Copyright 1996-2021 IAR Systems AB.
# PC-locked license - IAR Embedded Workbench for MSP430, 8K KickStart Edition 7.21
#
#    __rt_version  =  3
#    __double_size =  32
#    __reg_r4      =  free
#    __reg_r5      =  free
#    __pic         =  no
#    __core        =  430X
#    __data_model  =  small
#    __code_model  =  large
#    Source file   =  C:\Users\saad\Documents\ECE306\Homework 03\main.c
#    Command line  =  
#        -f C:\Users\saad\AppData\Local\Temp\EW77EA.tmp
#        ("C:\Users\saad\Documents\ECE306\Homework 03\main.c" -lC
#        "C:\Users\saad\Documents\ECE306\Homework 03\Debug\List" -o
#        "C:\Users\saad\Documents\ECE306\Homework 03\Debug\Obj" --no_cse
#        --no_unroll --no_inline --no_code_motion --no_tbaa --debug
#        -D__MSP430FR2355__ -e --double=32 --dlib_config "C:\Program Files\IAR
#        Systems\Embedded Workbench 8.5\430\lib\dlib\dl430xlsfn.h" -I ./
#        --core=430X --data_model=small -On --multiplier=32
#        --hw_workaround=CPU40 --code_model=large)
#    Locale        =  English_USA.1252
#    List file     =  
#        C:\Users\saad\Documents\ECE306\Homework 03\Debug\List\main.lst
#    Object file   =  
#        C:\Users\saad\Documents\ECE306\Homework 03\Debug\Obj\main.r43
#
###############################################################################

C:\Users\saad\Documents\ECE306\Homework 03\main.c
      1          //------------------------------------------------------------------------------
      2          //
      3          //  Description: This file contains the Main Routine - "While" Operating System
      4          //
      5          //
      6          //  Jim Carlson
      7          //  Jan 2022
      8          //  Built with IAR Embedded Workbench Version: (7.21.1)
      9          //------------------------------------------------------------------------------
     10          
     11          //------------------------------------------------------------------------------
     12          #include  "functions.h"
     13          #include  "msp430.h"

   \                                 In  segment DATA16_AN, at 0x222
   \   union <unnamed> _A_PBOUT_L
   \                     _A_PBOUT_L:
   \   000000                DS8 2

   \                                 In  segment DATA16_AN, at 0x130
   \   union <unnamed> _A_PM5CTL0_L
   \                     _A_PM5CTL0_L:
   \   000000                DS8 2
     14          #include <string.h>
     15          #include "macros.h"
     16          #include "init.h"
     17          #include "led.h"
     18          #include "ports.h"
     19          
     20          // Function Prototypes
     21          void main(void);
     22          
     23          
     24          // Global Variables
     25            // Global Variables

   \                                 In  segment DATA16_Z, align 1, align-sorted
   \   000000                REQUIRE ?cstart_init_zero
     26          volatile char slow_input_down;
   \                     slow_input_down:
   \   000000                DS8 1
     27          extern char display_line[4][11];
     28          extern char *display[4];

   \                                 In  segment DATA16_Z, align 1, align-sorted
   \   000000                REQUIRE ?cstart_init_zero
     29          unsigned char display_mode;
   \                     display_mode:
   \   000000                DS8 1
     30          extern volatile unsigned char display_changed;
     31          extern volatile unsigned char update_display;
     32          extern volatile unsigned int update_display_count;
     33          extern volatile unsigned int Time_Sequence;
     34          extern volatile char one_time;

   \                                 In  segment DATA16_Z, align 2, align-sorted
   \   000000                REQUIRE ?cstart_init_zero
     35          unsigned int test_value;
   \                     test_value:
   \   000000                DS8 2

   \                                 In  segment DATA16_Z, align 1, align-sorted
   \   000000                REQUIRE ?cstart_init_zero
     36          char chosen_direction;
   \                     chosen_direction:
   \   000000                DS8 1

   \                                 In  segment DATA16_Z, align 1, align-sorted
   \   000000                REQUIRE ?cstart_init_zero
     37          char change;
   \                     change:
   \   000000                DS8 1

   \                                 In  segment DATA16_Z, align 1, align-sorted
   \   000000                REQUIRE ?cstart_init_zero
     38          char Last_Time_Sequence;
   \                     Last_Time_Sequence:
   \   000000                DS8 1

   \                                 In  segment DATA16_Z, align 2, align-sorted
   \   000000                REQUIRE ?cstart_init_zero
     39          unsigned int cycle_count;
   \                     cycle_count:
   \   000000                DS8 2
     40          
     41          
     42          //===========================================================================
     43          // Function name: Main
     44          //
     45          // Description: This function contains the while loop that runs continuously
     46          // to act for the operating system. It also calls all the functions to
     47          // initialize the system.
     48          //
     49          // Passed : no variables passed
     50          // Locals: no variables declared
     51          // Returned: no values returned
     52          // Globals: char* display_1
     53          // char* display_2
     54          // slow_input_down
     55          // control_state[CNTL_STATE_INDEX]
     56          //
     57          // Author: Ibrahim Moghul
     58          // Date: Feb 2022
     59          // Compiler: Built with IAR Embedded Workbench Version: (7.21.1)
     60          //===========================================================================
     61          

   \                                 In  segment CODE, align 2
     62          void main(void){
   \                     main:
     63          //------------------------------------------------------------------------------
     64          // Main Program
     65          // This is the main routine for the program. Execution of code starts here.
     66          // The operating system is Back Ground Fore Ground.
     67          //
     68          //------------------------------------------------------------------------------
     69            PM5CTL0 &= ~LOCKLPM5;
   \   000000   92C33001     BIC.W   #0x1, &0x130
     70          // Disable the GPIO power-on default high-impedance mode to activate
     71          // previously configured port settings
     72          
     73            Init_Ports();                        // Initialize Ports
   \   000004   ........     CALLA   #Init_Ports
     74            Init_Clocks();                       // Initialize Clock System
   \   000008   ........     CALLA   #Init_Clocks
     75            Init_Conditions();                   // Initialize Variables and Initial Conditions
   \   00000C   ........     CALLA   #Init_Conditions
     76            Init_Timers();                       // Initialize Timers
   \   000010   ........     CALLA   #Init_Timers
     77            Init_LCD();                          // Initialize LCD
   \   000014   ........     CALLA   #Init_LCD
     78          
     79            // Place the contents of what you want on the display, in between the quotes
     80          // Limited to 10 characters per line
     81            strcpy(display_line[0], "   NCSU   ");
   \   000018   3D40....     MOV.W   #`?<Constant "   NCSU   ">`, R13
   \   00001C   3C40....     MOV.W   #display_line, R12
   \   000020   ........     CALLA   #strcpy
     82            strcpy(display_line[1], " WOLFPACK ");
   \   000024   3D40....     MOV.W   #`?<Constant " WOLFPACK ">`, R13
   \   000028   3C40....     MOV.W   #display_line + 11, R12
   \   00002C   ........     CALLA   #strcpy
     83            strcpy(display_line[2], "  ECE306  ");
   \   000030   3D40....     MOV.W   #`?<Constant "  ECE306  ">`, R13
   \   000034   3C40....     MOV.W   #display_line + 22, R12
   \   000038   ........     CALLA   #strcpy
     84            strcpy(display_line[3], "  GP I/O  ");
   \   00003C   3D40....     MOV.W   #`?<Constant "  GP I/O  ">`, R13
   \   000040   3C40....     MOV.W   #display_line + 33, R12
   \   000044   ........     CALLA   #strcpy
     85            display_changed = TRUE;
   \   000048   D243....     MOV.B   #0x1, &display_changed
     86          
     87          //------------------------------------------------------------------------------
     88          // Begining of the "While" Operating System
     89          //------------------------------------------------------------------------------
     90            while(ALWAYS) {                      // Can the Operating system run
     91              Carlson_StateMachine();            // Run a Time Based State Machine
   \                     ??main_0:
   \   00004C   ........     CALLA   #Carlson_StateMachine
     92              Switches_Process();                // Check for switch state change
   \   000050   ........     CALLA   #Switches_Process
     93              Display_Process();                 // Update Display
   \   000054   ........     CALLA   #Display_Process
     94              P3OUT ^= TEST_PROBE;               // Change State of TEST_PROBE OFF
   \   000058   D2E32202     XOR.B   #0x1, &0x222
     95              if(Last_Time_Sequence!=Time_Sequence){
   \   00005C   5F42....     MOV.B   &Last_Time_Sequence, R15
   \   000060   4F4F         MOV.B   R15, R15
   \   000062   1F92....     CMP.W   &Time_Sequence, R15
   \   000066   F227         JEQ     ??main_0
     96                Last_Time_Sequence=Time_Sequence;
   \   000068   1E42....     MOV.W   &Time_Sequence, R14
   \   00006C   C24E....     MOV.B   R14, &Last_Time_Sequence
     97                cycle_count++;
   \   000070   9253....     ADD.W   #0x1, &cycle_count
   \   000074   EB3F         JMP     ??main_0
   \   000076   0343         NOP
   \   000078                REQUIRE _A_PM5CTL0_L
   \   000078                REQUIRE _A_PBOUT_L
     98              }
     99            }
    100          //------------------------------------------------------------------------------
    101          }

   \                                 In  segment DATA16_C, align 1, align-sorted
   \                     `?<Constant "   NCSU   ">`:
   \   000000   2020204E4353 DC8 "   NCSU   "
   \            5520202000  

   \                                 In  segment DATA16_C, align 1, align-sorted
   \                     `?<Constant " WOLFPACK ">`:
   \   000000   20574F4C4650 DC8 " WOLFPACK "
   \            41434B2000  

   \                                 In  segment DATA16_C, align 1, align-sorted
   \                     `?<Constant "  ECE306  ">`:
   \   000000   202045434533 DC8 "  ECE306  "
   \            3036202000  

   \                                 In  segment DATA16_C, align 1, align-sorted
   \                     `?<Constant "  GP I/O  ">`:
   \   000000   202047502049 DC8 "  GP I/O  "
   \            2F4F202000  
    102          

   Maximum stack usage in bytes:

   CSTACK Function
   ------ --------
      4   main
        4   -> Carlson_StateMachine
        4   -> Display_Process
        4   -> Init_Clocks
        4   -> Init_Conditions
        4   -> Init_LCD
        4   -> Init_Ports
        4   -> Init_Timers
        4   -> Switches_Process
        4   -> strcpy


   Segment part sizes:

   Bytes  Function/Label
   -----  --------------
      11  ?<Constant "   NCSU   ">
      11  ?<Constant "  ECE306  ">
      11  ?<Constant "  GP I/O  ">
      11  ?<Constant " WOLFPACK ">
       1  Last_Time_Sequence
       2  _A_PBOUT_L
       2  _A_PM5CTL0_L
       1  change
       1  chosen_direction
       2  cycle_count
       1  display_mode
     120  main
       1  slow_input_down
       2  test_value

 
 120 bytes in segment CODE
   4 bytes in segment DATA16_AN
  44 bytes in segment DATA16_C
   9 bytes in segment DATA16_Z
 
 120 bytes of CODE  memory
  44 bytes of CONST memory
   9 bytes of DATA  memory (+ 4 bytes shared)

Errors: none
Warnings: none
