###############################################################################
#
# IAR C/C++ Compiler V7.21.1.1000/W32 for MSP430          04/Apr/2022  19:13:06
# Copyright 1996-2021 IAR Systems AB.
# PC-locked license - IAR Embedded Workbench for MSP430, 8K KickStart Edition 7.21
#
#    __rt_version  =  3
#    __double_size =  32
#    __reg_r4      =  free
#    __reg_r5      =  free
#    __pic         =  no
#    __core        =  430X
#    __data_model  =  small
#    __code_model  =  large
#    Source file   =  C:\Users\saad\Documents\ece-306\Project 09\timers.c
#    Command line  =  
#        -f C:\Users\saad\AppData\Local\Temp\EWEB1B.tmp
#        ("C:\Users\saad\Documents\ece-306\Project 09\timers.c" -lC
#        "C:\Users\saad\Documents\ece-306\Project 09\Debug\List" -o
#        "C:\Users\saad\Documents\ece-306\Project 09\Debug\Obj" --no_cse
#        --no_unroll --no_inline --no_code_motion --no_tbaa --debug
#        -D__MSP430FR2355__ -e --double=32 --dlib_config "C:\Program Files\IAR
#        Systems\Embedded Workbench 8.5\430\lib\dlib\dl430xlsfn.h" -I ./
#        --core=430X --data_model=small -On --multiplier=32
#        --hw_workaround=CPU40 --code_model=large)
#    Locale        =  English_USA.1252
#    List file     =  
#        C:\Users\saad\Documents\ece-306\Project 09\Debug\List\timers.lst
#    Object file   =  
#        C:\Users\saad\Documents\ece-306\Project 09\Debug\Obj\timers.r43
#
###############################################################################

C:\Users\saad\Documents\ece-306\Project 09\timers.c
      1          #include "msp430.h"

   \                                 In  segment DATA16_AN, at 0x700
   \   union <unnamed> _A_ADCCTL0_L
   \                     _A_ADCCTL0_L:
   \   000000                DS8 2

   \                                 In  segment DATA16_AN, at 0x21a
   \   union <unnamed> _A_PAIE_L
   \                     _A_PAIE_L:
   \   000000                DS8 2

   \                                 In  segment DATA16_AN, at 0x222
   \   union <unnamed> _A_PBOUT_L
   \                     _A_PBOUT_L:
   \   000000                DS8 2

   \                                 In  segment DATA16_AN, at 0x23a
   \   union <unnamed> _A_PBIE_L
   \                     _A_PBIE_L:
   \   000000                DS8 2

   \                                 In  segment DATA16_AN, at 0x380
   \   union <unnamed> _A_TB0CTL_L
   \                     _A_TB0CTL_L:
   \   000000                DS8 2

   \                                 In  segment DATA16_AN, at 0x382
   \   union <unnamed> _A_TB0CCTL0_L
   \                     _A_TB0CCTL0_L:
   \   000000                DS8 2

   \                                 In  segment DATA16_AN, at 0x384
   \   union <unnamed> _A_TB0CCTL1_L
   \                     _A_TB0CCTL1_L:
   \   000000                DS8 2

   \                                 In  segment DATA16_AN, at 0x386
   \   union <unnamed> _A_TB0CCTL2_L
   \                     _A_TB0CCTL2_L:
   \   000000                DS8 2

   \                                 In  segment DATA16_AN, at 0x392
   \   union <unnamed> _A_TB0CCR0_L
   \                     _A_TB0CCR0_L:
   \   000000                DS8 2

   \                                 In  segment DATA16_AN, at 0x394
   \   union <unnamed> _A_TB0CCR1_L
   \                     _A_TB0CCR1_L:
   \   000000                DS8 2

   \                                 In  segment DATA16_AN, at 0x396
   \   union <unnamed> _A_TB0CCR2_L
   \                     _A_TB0CCR2_L:
   \   000000                DS8 2

   \                                 In  segment DATA16_AN, at 0x3a0
   \   union <unnamed> _A_TB0EX0_L
   \                     _A_TB0EX0_L:
   \   000000                DS8 2

   \                                 In  segment DATA16_AN, at 0x3ae
   \   union <unnamed> _A_TB0IV_L
   \                     _A_TB0IV_L:
   \   000000                DS8 2

   \                                 In  segment DATA16_AN, at 0x3c0
   \   union <unnamed> _A_TB1CTL_L
   \                     _A_TB1CTL_L:
   \   000000                DS8 2

   \                                 In  segment DATA16_AN, at 0x3c2
   \   union <unnamed> _A_TB1CCTL0_L
   \                     _A_TB1CCTL0_L:
   \   000000                DS8 2

   \                                 In  segment DATA16_AN, at 0x3c4
   \   union <unnamed> _A_TB1CCTL1_L
   \                     _A_TB1CCTL1_L:
   \   000000                DS8 2

   \                                 In  segment DATA16_AN, at 0x3c6
   \   union <unnamed> _A_TB1CCTL2_L
   \                     _A_TB1CCTL2_L:
   \   000000                DS8 2

   \                                 In  segment DATA16_AN, at 0x3d2
   \   union <unnamed> _A_TB1CCR0_L
   \                     _A_TB1CCR0_L:
   \   000000                DS8 2

   \                                 In  segment DATA16_AN, at 0x3e0
   \   union <unnamed> _A_TB1EX0_L
   \                     _A_TB1EX0_L:
   \   000000                DS8 2

   \                                 In  segment DATA16_AN, at 0x3ee
   \   union <unnamed> _A_TB1IV_L
   \                     _A_TB1IV_L:
   \   000000                DS8 2

   \                                 In  segment DATA16_AN, at 0x440
   \   union <unnamed> _A_TB3CTL_L
   \                     _A_TB3CTL_L:
   \   000000                DS8 2

   \                                 In  segment DATA16_AN, at 0x444
   \   union <unnamed> _A_TB3CCTL1_L
   \                     _A_TB3CCTL1_L:
   \   000000                DS8 2

   \                                 In  segment DATA16_AN, at 0x446
   \   union <unnamed> _A_TB3CCTL2_L
   \                     _A_TB3CCTL2_L:
   \   000000                DS8 2

   \                                 In  segment DATA16_AN, at 0x448
   \   union <unnamed> _A_TB3CCTL3_L
   \                     _A_TB3CCTL3_L:
   \   000000                DS8 2

   \                                 In  segment DATA16_AN, at 0x44a
   \   union <unnamed> _A_TB3CCTL4_L
   \                     _A_TB3CCTL4_L:
   \   000000                DS8 2

   \                                 In  segment DATA16_AN, at 0x452
   \   union <unnamed> _A_TB3CCR0_L
   \                     _A_TB3CCR0_L:
   \   000000                DS8 2

   \                                 In  segment DATA16_AN, at 0x454
   \   union <unnamed> _A_TB3CCR1_L
   \                     _A_TB3CCR1_L:
   \   000000                DS8 2

   \                                 In  segment DATA16_AN, at 0x456
   \   union <unnamed> _A_TB3CCR2_L
   \                     _A_TB3CCR2_L:
   \   000000                DS8 2

   \                                 In  segment DATA16_AN, at 0x458
   \   union <unnamed> _A_TB3CCR3_L
   \                     _A_TB3CCR3_L:
   \   000000                DS8 2

   \                                 In  segment DATA16_AN, at 0x45a
   \   union <unnamed> _A_TB3CCR4_L
   \                     _A_TB3CCR4_L:
   \   000000                DS8 2
      2          #include "timers.h"
      3          #include "ports.h"
      4          #include "macros.h"
      5          #include "wheels.h"
      6          #include "sm.h"
      7          

   \                                 In  segment DATA16_Z, align 2, align-sorted
   \   000000                REQUIRE ?cstart_init_zero
      8          volatile unsigned int Time_Sequence;
   \                     Time_Sequence:
   \   000000                DS8 2
      9          extern volatile unsigned char update_display;

   \                                 In  segment DATA16_Z, align 2, align-sorted
   \   000000                REQUIRE ?cstart_init_zero
     10          volatile unsigned long timer0Counter;
   \                     timer0Counter:
   \   000000                DS8 4

   \                                 In  segment DATA16_Z, align 2, align-sorted
   \   000000                REQUIRE ?cstart_init_zero
     11          volatile unsigned int backliteCounter;
   \                     backliteCounter:
   \   000000                DS8 2

   \                                 In  segment DATA16_Z, align 2, align-sorted
   \   000000                REQUIRE ?cstart_init_zero
     12          unsigned int debounce_count1, debounce_count2;
   \                     debounce_count1:
   \   000000                DS8 2

   \                                 In  segment DATA16_Z, align 2, align-sorted
   \   000000                REQUIRE ?cstart_init_zero
   \                     debounce_count2:
   \   000000                DS8 2

   \                                 In  segment DATA16_Z, align 2, align-sorted
   \   000000                REQUIRE ?cstart_init_zero
     13          volatile unsigned int debouncing1, debouncing2;
   \                     debouncing1:
   \   000000                DS8 2

   \                                 In  segment DATA16_Z, align 2, align-sorted
   \   000000                REQUIRE ?cstart_init_zero
   \                     debouncing2:
   \   000000                DS8 2

   \                                 In  segment DATA16_I, align 2, align-sorted
   \   000000                REQUIRE ?cstart_init_copy
     14          volatile unsigned int debounce_thresh1 = 10, debounce_thresh2 = 10;
   \                     debounce_thresh1:
   \   000000                DS8 2
   \   000002                REQUIRE `?<Initializer for debounce_thresh1>`

   \                                 In  segment DATA16_I, align 2, align-sorted
   \   000000                REQUIRE ?cstart_init_copy
   \                     debounce_thresh2:
   \   000000                DS8 2
   \   000002                REQUIRE `?<Initializer for debounce_thresh2>`

   \                                 In  segment DATA16_Z, align 2, align-sorted
   \   000000                REQUIRE ?cstart_init_zero
     15          volatile unsigned int checkAdc;
   \                     checkAdc:
   \   000000                DS8 2
     16          extern volatile char state;
     17          extern volatile unsigned int rightSwitchable, leftSwitchable;

   \                                 In  segment DATA16_Z, align 2, align-sorted
   \   000000                REQUIRE ?cstart_init_zero
     18          float timeElapsed;
   \                     timeElapsed:
   \   000000                DS8 4

   \                                 In  segment DATA16_Z, align 2, align-sorted
   \   000000                REQUIRE ?cstart_init_zero
     19          volatile unsigned int stopwatchUpdated;
   \                     stopwatchUpdated:
   \   000000                DS8 2
     20          extern char receievedFromPC;
     21          

   \                                 In  segment CODE, align 2
     22          void Init_Timers(void) {
   \                     Init_Timers:
     23              Init_Timer_B0();
   \   000000   ........     CALLA   #Init_Timer_B0
     24              Init_Timer_B1();
   \   000004   ........     CALLA   #Init_Timer_B1
     25              Init_Timer_B3();
   \   000008   ........     CALLA   #Init_Timer_B3
     26          }
   \   00000C   1001         RETA
     27          

   \                                 In  segment CODE, align 2
     28          void Init_Timer_B0(void) {
   \                     Init_Timer_B0:
     29              TB0CTL = TBSSEL__SMCLK; // SMCLK source
   \   000000   B24000028003 MOV.W   #0x200, &0x380
     30              TB0CTL |= TBCLR; // Resets TB0R, clock divider, count direction
   \   000006   A2D28003     BIS.W   #0x4, &0x380
     31              TB0CTL |= MC__CONTINOUS; // Continuous up
   \   00000A   B2D020008003 BIS.W   #0x20, &0x380
     32              TB0CTL |= ID__2; // Divide clock by 2
   \   000010   B2D040008003 BIS.W   #0x40, &0x380
     33              TB0EX0 = TBIDEX__8; // Divide clock by an additional 8
   \   000016   B2400700A003 MOV.W   #0x7, &0x3a0
     34              TB0CCR0 = TB0CCR0_INTERVAL; // CCR0
   \   00001C   B240D0079203 MOV.W   #0x7d0, &0x392
     35              TB0CCTL0 |= CCIE; // CCR0 enable interrupt
   \   000022   B2D010008203 BIS.W   #0x10, &0x382
     36              TB0CCR1 = TB0CCR1_INTERVAL; // CCR1
   \   000028   B24050C39403 MOV.W   #0xc350, &0x394
     37              //TB0CCTL1 |= CCIE; // CCR1 enable interrupt
     38              TB0CCR2 = TB0CCR2_INTERVAL; // CCR2
   \   00002E   B24050C39603 MOV.W   #0xc350, &0x396
     39              //TB0CCTL2 |= CCIE; // CCR2 enable interrupt
     40              TB0CTL &= ~TBIE; // Disable Overflow Interrupt
   \   000034   A2C38003     BIC.W   #0x2, &0x380
     41              TB0CTL &= ~TBIFG; // Clear Overflow Interrupt flag
   \   000038   92C38003     BIC.W   #0x1, &0x380
     42          }
   \   00003C   1001         RETA
   \   00003E                REQUIRE _A_TB0CTL_L
   \   00003E                REQUIRE _A_TB0EX0_L
   \   00003E                REQUIRE _A_TB0CCR0_L
   \   00003E                REQUIRE _A_TB0CCTL0_L
   \   00003E                REQUIRE _A_TB0CCR1_L
   \   00003E                REQUIRE _A_TB0CCR2_L
     43          

   \                                 In  segment CODE, align 2
     44          void Init_Timer_B1(void) {
   \                     Init_Timer_B1:
     45              TB1CTL = TBSSEL__SMCLK; // SMCLK source
   \   000000   B2400002C003 MOV.W   #0x200, &0x3c0
     46              TB1CTL |= TBCLR; // Resets TB0R, clock divider, count direction
   \   000006   A2D2C003     BIS.W   #0x4, &0x3c0
     47              TB1CTL |= MC__CONTINOUS; // Continuous up
   \   00000A   B2D02000C003 BIS.W   #0x20, &0x3c0
     48              TB1CTL |= ID__4; // Divide clock by 4
   \   000010   B2D08000C003 BIS.W   #0x80, &0x3c0
     49              TB1EX0 = TBIDEX__8; // Divide clock by an additional 8
   \   000016   B2400700E003 MOV.W   #0x7, &0x3e0
     50              TB1CCR0 = TB1CCR0_INTERVAL; // CCR0
   \   00001C   B24050C3D203 MOV.W   #0xc350, &0x3d2
     51              TB1CCTL0 |= CCIE; // CCR0 enable interrupt
   \   000022   B2D01000C203 BIS.W   #0x10, &0x3c2
     52              //TB1CCR1 = TB1CCR1_INTERVAL; // CCR1
     53              //TB1CCTL1 |= CCIE; // CCR1 enable interrupt
     54              //TB1CCR2 = TB1CCR2_INTERVAL; // CCR2
     55              //TB1CCTL2 |= CCIE; // CCR2 enable interrupt
     56              TB1CTL &= ~TBIE; // Disable Overflow Interrupt
   \   000028   A2C3C003     BIC.W   #0x2, &0x3c0
     57              TB1CTL &= ~TBIFG; // Clear Overflow Interrupt flag
   \   00002C   92C3C003     BIC.W   #0x1, &0x3c0
     58          }
   \   000030   1001         RETA
   \   000032                REQUIRE _A_TB1CTL_L
   \   000032                REQUIRE _A_TB1EX0_L
   \   000032                REQUIRE _A_TB1CCR0_L
   \   000032                REQUIRE _A_TB1CCTL0_L
     59          

   \                                 In  segment CODE, align 2
     60          void Init_Timer_B3(void) {
   \                     Init_Timer_B3:
     61              TB3CTL = TBSSEL__SMCLK;
   \   000000   B24000024004 MOV.W   #0x200, &0x440
     62              TB3CTL |= MC__UP;
   \   000006   B2D010004004 BIS.W   #0x10, &0x440
     63              TB3CTL |= TBCLR;
   \   00000C   A2D24004     BIS.W   #0x4, &0x440
     64          
     65              TB3CCR0 = WHEEL_PERIOD;
   \   000010   B240204E5204 MOV.W   #0x4e20, &0x452
     66          
     67              TB3CCTL1 = OUTMOD_7;
   \   000016   B240E0004404 MOV.W   #0xe0, &0x444
     68              RIGHT_FORWARD_SPEED = WHEEL_OFF;
   \   00001C   82435404     MOV.W   #0x0, &0x454
     69          
     70              TB3CCTL2 = OUTMOD_7;
   \   000020   B240E0004604 MOV.W   #0xe0, &0x446
     71              LEFT_FORWARD_SPEED = WHEEL_OFF;
   \   000026   82435604     MOV.W   #0x0, &0x456
     72          
     73              TB3CCTL3 = OUTMOD_7;
   \   00002A   B240E0004804 MOV.W   #0xe0, &0x448
     74              RIGHT_REVERSE_SPEED = WHEEL_OFF;
   \   000030   82435804     MOV.W   #0x0, &0x458
     75          
     76              TB3CCTL4 = OUTMOD_7;
   \   000034   B240E0004A04 MOV.W   #0xe0, &0x44a
     77              LEFT_REVERSE_SPEED = WHEEL_OFF;
   \   00003A   82435A04     MOV.W   #0x0, &0x45a
     78          }
   \   00003E   1001         RETA
   \   000040                REQUIRE _A_TB3CTL_L
   \   000040                REQUIRE _A_TB3CCR0_L
   \   000040                REQUIRE _A_TB3CCTL1_L
   \   000040                REQUIRE _A_TB3CCR1_L
   \   000040                REQUIRE _A_TB3CCTL2_L
   \   000040                REQUIRE _A_TB3CCR2_L
   \   000040                REQUIRE _A_TB3CCTL3_L
   \   000040                REQUIRE _A_TB3CCR3_L
   \   000040                REQUIRE _A_TB3CCTL4_L
   \   000040                REQUIRE _A_TB3CCR4_L
     79          
     80          
     81          //===========================================================================
     82          // Function name: Timer0_B0_ISR
     83          //
     84          // Description: Increments Time_Sequence and update_display
     85          //
     86          // Passed : no variables passed
     87          // Locals: no variables declared
     88          // Returned: no values returned
     89          // Globals: no global values
     90          //
     91          // Author: Ibrahim Moghul
     92          // Date: Feb 2022
     93          // Compiler: Built with IAR Embedded Workbench Version: (7.21.1)
     94          //===========================================================================
     95          #pragma vector = TIMER0_B0_VECTOR

   \                                 In  segment ISR_CODE, align 2
     96          __interrupt void Timer0_B0_ISR(void) {
   \                     Timer0_B0_ISR:
   \   000000   1F15         PUSHM.W #0x2, R15
     97              //------------------------------------------------------------------------------
     98              // TimerB0 0 Interrupt handler
     99              //----------------------------------------------------------------------------
    100              if(Time_Sequence++ == TIME_SEQUENCE_MAX) Time_Sequence = 0;
   \   000002   1F42....     MOV.W   &Time_Sequence, R15
   \   000006   0E4F         MOV.W   R15, R14
   \   000008   1E53         ADD.W   #0x1, R14
   \   00000A   824E....     MOV.W   R14, &Time_Sequence
   \   00000E   3F90FA00     CMP.W   #0xfa, R15
   \   000012   0220         JNE     ??Timer0_B0_ISR_0
   \   000014   8243....     MOV.W   #0x0, &Time_Sequence
    101          
    102              if(timer0Counter >= CHECK_ADC_TIMER_COUNT ) { // 56 ms
   \                     ??Timer0_B0_ISR_0:
   \   000018   8293....     CMP.W   #0x0, &timer0Counter + 2
   \   00001C   0B28         JNC     ??Timer0_B0_ISR_1
   \   00001E   0420         JNE     ??Timer0_B0_ISR_2
   \   000020   B2900E00.... CMP.W   #0xe, &timer0Counter
   \   000026   0628         JNC     ??Timer0_B0_ISR_1
    103                  timer0Counter = 0;
   \                     ??Timer0_B0_ISR_2:
   \   000028   8243....     MOV.W   #0x0, &timer0Counter
   \   00002C   8243....     MOV.W   #0x0, &timer0Counter + 2
    104                  ADCCTL0 |= ADCSC;
   \   000030   92D30007     BIS.W   #0x1, &0x700
    105              }
    106          
    107              TB0CCR0 += TB0CCR0_INTERVAL; // Add Offset to TBCCR0
   \                     ??Timer0_B0_ISR_1:
   \   000034   B250D0079203 ADD.W   #0x7d0, &0x392
    108              //----------------------------------------------------------------------------
    109          }
   \   00003A   1E17         POPM.W  #0x2, R15
   \   00003C   0013         RETI
   \   00003E                REQUIRE _A_ADCCTL0_L
   \   00003E                REQUIRE _A_TB0CCR0_L
    110          
    111          
    112          //===========================================================================
    113          // Function name: TIMER0_B1_ISR
    114          //
    115          // Description: Timer 1 handles switch debounce, and Timer 2 handles
    116          // LCD blinking
    117          //
    118          // Passed : no variables passed
    119          // Locals: no variables declared
    120          // Returned: no values returned
    121          // Globals: no global values
    122          //
    123          // Author: Ibrahim Moghul
    124          // Date: Feb 2022
    125          // Compiler: Built with IAR Embedded Workbench Version: (7.21.1)
    126          //===========================================================================
    127          #pragma vector=TIMER0_B1_VECTOR

   \                                 In  segment ISR_CODE, align 2
    128          __interrupt void TIMER0_B1_ISR(void) {
   \                     TIMER0_B1_ISR:
   \   000000   0F12         PUSH.W  R15
    129              //----------------------------------------------------------------------------
    130              // TimerB0 1-2, Overflow Interrupt Vector (TBIV) handler
    131              //----------------------------------------------------------------------------
    132              switch(__even_in_range(TB0IV, 14)) {
   \   000002   1F42AE03     MOV.W   &0x3ae, R15
   \   000006   E00F         ADDA    R15, PC
   \                     `?<Jumptable for TIMER0_B1_ISR>_0`:
   \   000008   323C         JMP     ??TIMER0_B1_ISR_1
   \   00000A   063C         JMP     ??TIMER0_B1_ISR_6
   \   00000C   1B3C         JMP     ??TIMER0_B1_ISR_7
   \   00000E   2F3C         JMP     ??TIMER0_B1_ISR_1
   \   000010   2E3C         JMP     ??TIMER0_B1_ISR_1
   \   000012   2D3C         JMP     ??TIMER0_B1_ISR_1
   \   000014   2C3C         JMP     ??TIMER0_B1_ISR_1
   \   000016   2B3C         JMP     ??TIMER0_B1_ISR_1
    133                  case 0:
    134                      break; // No interrupt
    135          
    136                  case 2: // CCR1 not used
    137                      if(debouncing1 == TRUE) debounce_count1++;
   \                     ??TIMER0_B1_ISR_6:
   \   000018   9293....     CMP.W   #0x1, &debouncing1
   \   00001C   0220         JNE     ??TIMER0_B1_ISR_2
   \   00001E   9253....     ADD.W   #0x1, &debounce_count1
    138          
    139                      if (debounce_count1 > debounce_thresh1) {
   \                     ??TIMER0_B1_ISR_2:
   \   000022   9292........ CMP.W   &debounce_count1, &debounce_thresh1
   \   000028   092C         JC      ??TIMER0_B1_ISR_3
    140                          debounce_count1 = 0;
   \   00002A   8243....     MOV.W   #0x0, &debounce_count1
    141                          debouncing1 = FALSE;
   \   00002E   8243....     MOV.W   #0x0, &debouncing1
    142                          P4IE |= SW1;
   \   000032   E2D33B02     BIS.B   #0x2, &0x23b
    143                          TB0CCTL1 &= ~CCIE;
   \   000036   B2C010008403 BIC.W   #0x10, &0x384
    144                      }
    145          
    146                      TB0CCR1 += TB0CCR1_INTERVAL; // Add Offset to TBCCR1
   \                     ??TIMER0_B1_ISR_3:
   \   00003C   B25050C39403 ADD.W   #0xc350, &0x394
    147          
    148                      break;
   \   000042   153C         JMP     ??TIMER0_B1_ISR_1
    149          
    150                  case 4: // CCR2 not used
    151                      if(debouncing2 == TRUE) debounce_count2++;
   \                     ??TIMER0_B1_ISR_7:
   \   000044   9293....     CMP.W   #0x1, &debouncing2
   \   000048   0220         JNE     ??TIMER0_B1_ISR_4
   \   00004A   9253....     ADD.W   #0x1, &debounce_count2
    152          
    153                      if (debounce_count2 > debounce_thresh2) {
   \                     ??TIMER0_B1_ISR_4:
   \   00004E   9292........ CMP.W   &debounce_count2, &debounce_thresh2
   \   000054   092C         JC      ??TIMER0_B1_ISR_5
    154                          debounce_count2 = 0;
   \   000056   8243....     MOV.W   #0x0, &debounce_count2
    155                          debouncing2 = FALSE;
   \   00005A   8243....     MOV.W   #0x0, &debouncing2
    156                          P2IE |= SW2;
   \   00005E   F2D21B02     BIS.B   #0x8, &0x21b
    157                          TB0CCTL2 &= ~CCIE;
   \   000062   B2C010008603 BIC.W   #0x10, &0x386
    158                      }
    159          
    160                      TB0CCR2 += TB0CCR2_INTERVAL; // Add Offset to TBCCR2
   \                     ??TIMER0_B1_ISR_5:
   \   000068   B25050C39603 ADD.W   #0xc350, &0x396
    161          
    162                      break;
    163          
    164                  case 14: // overflow
    165          
    166                      break;
    167          
    168                  default:
    169                      break;
    170              }
    171          
    172              //----------------------------------------------------------------------------
    173          }
   \                     ??TIMER0_B1_ISR_1:
   \   00006E   3F41         POP.W   R15
   \   000070   0013         RETI
   \   000072                REQUIRE _A_PBIE_L
   \   000072                REQUIRE _A_TB0CCTL1_L
   \   000072                REQUIRE _A_TB0CCR1_L
   \   000072                REQUIRE _A_PAIE_L
   \   000072                REQUIRE _A_TB0CCTL2_L
   \   000072                REQUIRE _A_TB0CCR2_L
   \   000072                REQUIRE _A_TB0IV_L
    174          
    175          #pragma vector = TIMER1_B0_VECTOR

   \                                 In  segment ISR_CODE, align 2
    176          __interrupt void Timer1_B0_ISR(void) {
   \                     Timer1_B0_ISR:
   \   000000   3F15         PUSHM.W #0x4, R15
    177              //------------------------------------------------------------------------------
    178              // TimerB0 0 Interrupt handler
    179              //----------------------------------------------------------------------------
    180              P3OUT |= IOT_EN_CPU;
   \   000002   F2D080002202 BIS.B   #0x80, &0x222
    181              if(state != END) {
   \   000008   F2904500.... CMP.B   #0x45, &state
   \   00000E   1024         JEQ     ??Timer1_B0_ISR_0
    182                      stopwatchUpdated = 1;
   \   000010   9243....     MOV.W   #0x1, &stopwatchUpdated
    183                      timeElapsed += .2;
   \   000014   1C42....     MOV.W   &timeElapsed, R12
   \   000018   1D42....     MOV.W   &timeElapsed + 2, R13
   \   00001C   3E40CDCC     MOV.W   #0xcccd, R14
   \   000020   3F404C3E     MOV.W   #0x3e4c, R15
   \   000024   ........     CALLA   #_Add32f
   \   000028   824C....     MOV.W   R12, &timeElapsed
   \   00002C   824D....     MOV.W   R13, &timeElapsed + 2
    184              }
    185              update_display = 1;
   \                     ??Timer1_B0_ISR_0:
   \   000030   D243....     MOV.B   #0x1, &update_display
    186              TB1CCR0 += TB1CCR0_INTERVAL;
   \   000034   B25050C3D203 ADD.W   #0xc350, &0x3d2
    187              //----------------------------------------------------------------------------
    188          }
   \   00003A   3C17         POPM.W  #0x4, R15
   \   00003C   0013         RETI
   \   00003E                REQUIRE _A_PBOUT_L
   \   00003E                REQUIRE _A_TB1CCR0_L
    189          
    190          #pragma vector=TIMER1_B1_VECTOR

   \                                 In  segment ISR_CODE, align 2
    191          __interrupt void TIMER1_B1_ISR(void) {
   \                     TIMER1_B1_ISR:
   \   000000   0F12         PUSH.W  R15
    192              //----------------------------------------------------------------------------
    193              // TimerB0 1-2, Overflow Interrupt Vector (TBIV) handler
    194              //----------------------------------------------------------------------------
    195              switch(__even_in_range(TB1IV, 14)) {
   \   000002   1F42EE03     MOV.W   &0x3ee, R15
   \   000006   E00F         ADDA    R15, PC
   \                     `?<Jumptable for TIMER1_B1_ISR>_0`:
   \   000008   123C         JMP     ??TIMER1_B1_ISR_1
   \   00000A   063C         JMP     ??TIMER1_B1_ISR_2
   \   00000C   0B3C         JMP     ??TIMER1_B1_ISR_3
   \   00000E   0F3C         JMP     ??TIMER1_B1_ISR_1
   \   000010   0E3C         JMP     ??TIMER1_B1_ISR_1
   \   000012   0D3C         JMP     ??TIMER1_B1_ISR_1
   \   000014   0C3C         JMP     ??TIMER1_B1_ISR_1
   \   000016   0B3C         JMP     ??TIMER1_B1_ISR_1
    196                  case 0:
    197                      break; // No interrupt
    198          
    199                  case 2: // Right Motor
    200                      rightSwitchable = 1;
   \                     ??TIMER1_B1_ISR_2:
   \   000018   9243....     MOV.W   #0x1, &rightSwitchable
    201                      TB1CCTL1 &= ~CCIE;
   \   00001C   B2C01000C403 BIC.W   #0x10, &0x3c4
    202          
    203                      break;
   \   000022   053C         JMP     ??TIMER1_B1_ISR_1
    204          
    205                  case 4: // Left Motor
    206          
    207                      leftSwitchable = 1;
   \                     ??TIMER1_B1_ISR_3:
   \   000024   9243....     MOV.W   #0x1, &leftSwitchable
    208                      TB1CCTL2 &= ~CCIE;
   \   000028   B2C01000C603 BIC.W   #0x10, &0x3c6
    209          
    210                      break;
    211          
    212                  case 14: // overflow
    213          
    214                      break;
    215          
    216                  default:
    217                      break;
    218              }
    219          
    220              //----------------------------------------------------------------------------
    221          }
   \                     ??TIMER1_B1_ISR_1:
   \   00002E   3F41         POP.W   R15
   \   000030   0013         RETI
   \   000032                REQUIRE _A_TB1CCTL1_L
   \   000032                REQUIRE _A_TB1CCTL2_L
   \   000032                REQUIRE _A_TB1IV_L

   \                                 In  segment INTVEC, offset 0x50, root
   \                     `??TIMER1_B1_ISR::??INTVEC 80`:
   \   000050   ....         DC16    TIMER1_B1_ISR

   \                                 In  segment INTVEC, offset 0x52, root
   \                     `??Timer1_B0_ISR::??INTVEC 82`:
   \   000052   ....         DC16    Timer1_B0_ISR

   \                                 In  segment INTVEC, offset 0x54, root
   \                     `??TIMER0_B1_ISR::??INTVEC 84`:
   \   000054   ....         DC16    TIMER0_B1_ISR

   \                                 In  segment INTVEC, offset 0x56, root
   \                     `??Timer0_B0_ISR::??INTVEC 86`:
   \   000056   ....         DC16    Timer0_B0_ISR

   \                                 In  segment DATA16_ID, align 2, align-sorted
   \                     `?<Initializer for debounce_thresh1>`:
   \   000000   0A00         DC16 10

   \                                 In  segment DATA16_ID, align 2, align-sorted
   \                     `?<Initializer for debounce_thresh2>`:
   \   000000   0A00         DC16 10

   Maximum stack usage in bytes:

   CSTACK Function
   ------ --------
      4   Init_Timer_B0
      4   Init_Timer_B1
      4   Init_Timer_B3
      4   Init_Timers
        4   -> Init_Timer_B0
        4   -> Init_Timer_B1
        4   -> Init_Timer_B3
      6   TIMER0_B1_ISR
      6   TIMER1_B1_ISR
      8   Timer0_B0_ISR
     12   Timer1_B0_ISR
       12 _Add32f


   Segment part sizes:

   Bytes  Function/Label
   -----  --------------
       2  ?<Initializer for debounce_thresh1>
       2  ?<Initializer for debounce_thresh2>
      62  Init_Timer_B0
      50  Init_Timer_B1
      64  Init_Timer_B3
      14  Init_Timers
     114  TIMER0_B1_ISR
       2  TIMER0_B1_ISR::??INTVEC 84
      50  TIMER1_B1_ISR
       2  TIMER1_B1_ISR::??INTVEC 80
       2  Time_Sequence
      62  Timer0_B0_ISR
       2  Timer0_B0_ISR::??INTVEC 86
      62  Timer1_B0_ISR
       2  Timer1_B0_ISR::??INTVEC 82
       2  _A_ADCCTL0_L
       2  _A_PAIE_L
       2  _A_PBIE_L
       2  _A_PBOUT_L
       2  _A_TB0CCR0_L
       2  _A_TB0CCR1_L
       2  _A_TB0CCR2_L
       2  _A_TB0CCTL0_L
       2  _A_TB0CCTL1_L
       2  _A_TB0CCTL2_L
       2  _A_TB0CTL_L
       2  _A_TB0EX0_L
       2  _A_TB0IV_L
       2  _A_TB1CCR0_L
       2  _A_TB1CCTL0_L
       2  _A_TB1CCTL1_L
       2  _A_TB1CCTL2_L
       2  _A_TB1CTL_L
       2  _A_TB1EX0_L
       2  _A_TB1IV_L
       2  _A_TB3CCR0_L
       2  _A_TB3CCR1_L
       2  _A_TB3CCR2_L
       2  _A_TB3CCR3_L
       2  _A_TB3CCR4_L
       2  _A_TB3CCTL1_L
       2  _A_TB3CCTL2_L
       2  _A_TB3CCTL3_L
       2  _A_TB3CCTL4_L
       2  _A_TB3CTL_L
       2  backliteCounter
       2  checkAdc
       2  debounce_count1
       2  debounce_count2
       2  debounce_thresh1
       2  debounce_thresh2
       2  debouncing1
       2  debouncing2
       2  stopwatchUpdated
       4  timeElapsed
       4  timer0Counter

 
 190 bytes in segment CODE
  60 bytes in segment DATA16_AN
   4 bytes in segment DATA16_I
   4 bytes in segment DATA16_ID
  24 bytes in segment DATA16_Z
   8 bytes in segment INTVEC
 288 bytes in segment ISR_CODE
 
 478 bytes of CODE  memory
   4 bytes of CONST memory (+  8 bytes shared)
  28 bytes of DATA  memory (+ 60 bytes shared)

Errors: none
Warnings: none
