###############################################################################
#
# IAR C/C++ Compiler V7.21.1.1000/W32 for MSP430          15/Feb/2022  11:08:29
# Copyright 1996-2021 IAR Systems AB.
# PC-locked license - IAR Embedded Workbench for MSP430, 8K KickStart Edition 7.21
#
#    __rt_version  =  3
#    __double_size =  32
#    __reg_r4      =  free
#    __reg_r5      =  free
#    __pic         =  no
#    __core        =  430X
#    __data_model  =  small
#    __code_model  =  large
#    Source file   =  C:\Users\saad\Documents\ece-306\Project 05\main.c
#    Command line  =  
#        -f C:\Users\saad\AppData\Local\Temp\EWED7E.tmp
#        ("C:\Users\saad\Documents\ece-306\Project 05\main.c" -lC
#        "C:\Users\saad\Documents\ece-306\Project 05\Debug\List" -o
#        "C:\Users\saad\Documents\ece-306\Project 05\Debug\Obj" --no_cse
#        --no_unroll --no_inline --no_code_motion --no_tbaa --debug
#        -D__MSP430FR2355__ -e --double=32 --dlib_config "C:\Program Files\IAR
#        Systems\Embedded Workbench 8.5\430\lib\dlib\dl430xlsfn.h" -I ./
#        --core=430X --data_model=small -On --multiplier=32
#        --hw_workaround=CPU40 --code_model=large)
#    Locale        =  English_USA.1252
#    List file     =  
#        C:\Users\saad\Documents\ece-306\Project 05\Debug\List\main.lst
#    Object file   =  
#        C:\Users\saad\Documents\ece-306\Project 05\Debug\Obj\main.r43
#
###############################################################################

C:\Users\saad\Documents\ece-306\Project 05\main.c
      1          //------------------------------------------------------------------------------
      2          //
      3          //  Description: This file contains the Main Routine - "While" Operating System
      4          //
      5          //
      6          //  Jim Carlson
      7          //  Jan 2022
      8          //  Built with IAR Embedded Workbench Version: (7.21.1)
      9          //------------------------------------------------------------------------------
     10          
     11          //------------------------------------------------------------------------------
     12          #include  "functions.h"
     13          #include  "msp430.h"

   \                                 In  segment DATA16_AN, at 0x222
   \   union <unnamed> _A_PBOUT_L
   \                     _A_PBOUT_L:
   \   000000                DS8 2

   \                                 In  segment DATA16_AN, at 0x130
   \   union <unnamed> _A_PM5CTL0_L
   \                     _A_PM5CTL0_L:
   \   000000                DS8 2
     14          #include <string.h>
     15          #include "macros.h"
     16          #include "init.h"
     17          #include "led.h"
     18          #include "wheels.h"
     19          #include "ports.h"
     20          #include "switches.h"
     21          #include "timers.h"
     22          // Function Prototypes
     23          void main(void);
     24          
     25          
     26          // Global Variables
     27            // Global Variables

   \                                 In  segment DATA16_Z, align 1, align-sorted
   \   000000                REQUIRE ?cstart_init_zero
     28          volatile char slow_input_down;
   \                     slow_input_down:
   \   000000                DS8 1
     29          extern char display_line[4][11];
     30          extern char *display[4];

   \                                 In  segment DATA16_Z, align 1, align-sorted
   \   000000                REQUIRE ?cstart_init_zero
     31          unsigned char display_mode;
   \                     display_mode:
   \   000000                DS8 1
     32          extern volatile unsigned char display_changed;
     33          extern volatile unsigned char update_display;
     34          extern volatile unsigned int update_display_count;
     35          extern volatile unsigned int Time_Sequence;
     36          extern volatile char one_time;
     37          extern volatile unsigned int wheel_tick;

   \                                 In  segment DATA16_Z, align 2, align-sorted
   \   000000                REQUIRE ?cstart_init_zero
     38          unsigned int test_value;
   \                     test_value:
   \   000000                DS8 2

   \                                 In  segment DATA16_Z, align 1, align-sorted
   \   000000                REQUIRE ?cstart_init_zero
     39          char chosen_direction;
   \                     chosen_direction:
   \   000000                DS8 1

   \                                 In  segment DATA16_Z, align 1, align-sorted
   \   000000                REQUIRE ?cstart_init_zero
     40          char change;
   \                     change:
   \   000000                DS8 1

   \                                 In  segment DATA16_Z, align 2, align-sorted
   \   000000                REQUIRE ?cstart_init_zero
     41          volatile unsigned int Last_Time_Sequence;
   \                     Last_Time_Sequence:
   \   000000                DS8 2

   \                                 In  segment DATA16_Z, align 2, align-sorted
   \   000000                REQUIRE ?cstart_init_zero
     42          volatile unsigned int cycle_count;
   \                     cycle_count:
   \   000000                DS8 2

   \                                 In  segment DATA16_Z, align 2, align-sorted
   \   000000                REQUIRE ?cstart_init_zero
     43          volatile unsigned int stopwatch_seconds;
   \                     stopwatch_seconds:
   \   000000                DS8 2

   \                                 In  segment DATA16_Z, align 2, align-sorted
   \   000000                REQUIRE ?cstart_init_zero
     44          volatile unsigned int time_change;
   \                     time_change:
   \   000000                DS8 2
     45          extern volatile unsigned int right_tick, left_tick;
     46          //===========================================================================
     47          // Function name: Main
     48          //
     49          // Description: This function contains the while loop that runs continuously
     50          // to act for the operating system. It also calls all the functions to
     51          // initialize the system.
     52          //
     53          // Passed : no variables passed
     54          // Locals: no variables declared
     55          // Returned: no values returned
     56          // Globals: char* display_1
     57          // char* display_2
     58          // slow_input_down
     59          // control_state[CNTL_STATE_INDEX]
     60          //
     61          // Author: Ibrahim Moghul
     62          // Date: Feb 2022
     63          // Compiler: Built with IAR Embedded Workbench Version: (7.21.1)
     64          //===========================================================================
     65          

   \                                 In  segment CODE, align 2
     66          void main(void){
   \                     main:
     67          //------------------------------------------------------------------------------
     68          // Main Program
     69          // This is the main routine for the program. Execution of code starts here.
     70          // The operating system is Back Ground Fore Ground.
     71          //
     72          //------------------------------------------------------------------------------
     73            PM5CTL0 &= ~LOCKLPM5;
   \   000000   92C33001     BIC.W   #0x1, &0x130
     74          // Disable the GPIO power-on default high-impedance mode to activate
     75          // previously configured port settings
     76          
     77            Init_Ports();                        // Initialize Ports
   \   000004   ........     CALLA   #Init_Ports
     78            Init_Clocks();                       // Initialize Clock System
   \   000008   ........     CALLA   #Init_Clocks
     79            Init_Conditions();                   // Initialize Variables and Initial Conditions
   \   00000C   ........     CALLA   #Init_Conditions
     80            Init_Timers();                       // Initialize Timers
   \   000010   ........     CALLA   #Init_Timers
     81            Init_LCD();                          // Initialize LCD
   \   000014   ........     CALLA   #Init_LCD
     82          
     83            // Place the contents of what you want on the display, in between the quotes
     84          // Limited to 10 characters per line
     85            //strcpy(display_line[0], "   NCSU   ");
     86            //strcpy(display_line[1], " WOLFPACK ");
     87            //strcpy(display_line[2], "  ECE306  ");
     88            //strcpy(display_line[3], "  GP I/O  ");
     89            strcpy(display_line[0], "WAITING...");
   \   000018   3D40....     MOV.W   #`?<Constant "WAITING...">`, R13
   \   00001C   3C40....     MOV.W   #display_line, R12
   \   000020   ........     CALLA   #strcpy
     90            strcpy(display_line[1], "          ");
   \   000024   3D40....     MOV.W   #`?<Constant "          ">`, R13
   \   000028   3C40....     MOV.W   #display_line + 11, R12
   \   00002C   ........     CALLA   #strcpy
     91            strcpy(display_line[2], "          ");
   \   000030   3D40....     MOV.W   #`?<Constant "          ">`, R13
   \   000034   3C40....     MOV.W   #display_line + 22, R12
   \   000038   ........     CALLA   #strcpy
     92            strcpy(display_line[3], "          ");
   \   00003C   3D40....     MOV.W   #`?<Constant "          ">`, R13
   \   000040   3C40....     MOV.W   #display_line + 33, R12
   \   000044   ........     CALLA   #strcpy
     93            display_changed = TRUE;
   \   000048   D243....     MOV.B   #0x1, &display_changed
     94          
     95          //------------------------------------------------------------------------------
     96          // Begining of the "While" Operating System
     97          //------------------------------------------------------------------------------
     98            while(ALWAYS) {                       // Can the Operating system run
     99              //Carlson_StateMachine();           // Run a Time Based State Machine
    100              SwitchesProcess();                  // Check for switch state change
   \                     ??main_0:
   \   00004C   ........     CALLA   #SwitchesProcess
    101              Display_Process();                  // Update Display
   \   000050   ........     CALLA   #Display_Process
    102              StateMachine();                     // Run wheels state machine
   \   000054   ........     CALLA   #StateMachine
    103              MotorSafety();
   \   000058   ........     CALLA   #MotorSafety
    104              P3OUT ^= TEST_PROBE;               // Change State of TEST_PROBE OFF
   \   00005C   D2E32202     XOR.B   #0x1, &0x222
    105              if(Last_Time_Sequence!=Time_Sequence){
                     ^
Warning[Pa082]: undefined behavior: the order of volatile accesses is undefined
          in this statement
   \   000060   1F42....     MOV.W   &Last_Time_Sequence, R15
   \   000064   1F92....     CMP.W   &Time_Sequence, R15
   \   000068   F127         JEQ     ??main_0
    106                Last_Time_Sequence=Time_Sequence;
   \   00006A   9242........ MOV.W   &Time_Sequence, &Last_Time_Sequence
    107                cycle_count++;
   \   000070   9253....     ADD.W   #0x1, &cycle_count
    108                time_change = 1;
   \   000074   9243....     MOV.W   #0x1, &time_change
    109                if(cycle_count == 200){
   \   000078   B290C800.... CMP.W   #0xc8, &cycle_count
   \   00007E   E623         JNE     ??main_0
    110                  cycle_count = 0;
   \   000080   8243....     MOV.W   #0x0, &cycle_count
    111                  stopwatch_seconds++;
   \   000084   9253....     ADD.W   #0x1, &stopwatch_seconds
   \   000088   E13F         JMP     ??main_0
   \   00008A   0343         NOP
   \   00008C                REQUIRE _A_PM5CTL0_L
   \   00008C                REQUIRE _A_PBOUT_L
    112                }
    113              }
    114             }
    115              
    116          //------------------------------------------------------------------------------
    117          }

   \                                 In  segment DATA16_C, align 1, align-sorted
   \                     `?<Constant "WAITING...">`:
   \   000000   57414954494E DC8 "WAITING..."
   \            472E2E2E00  

   \                                 In  segment DATA16_C, align 1, align-sorted
   \                     `?<Constant "          ">`:
   \   000000   202020202020 DC8 "          "
   \            2020202000  
    118          

   Maximum stack usage in bytes:

   CSTACK Function
   ------ --------
      4   main
        4   -> Display_Process
        4   -> Init_Clocks
        4   -> Init_Conditions
        4   -> Init_LCD
        4   -> Init_Ports
        4   -> Init_Timers
        4   -> MotorSafety
        4   -> StateMachine
        4   -> SwitchesProcess
        4   -> strcpy


   Segment part sizes:

   Bytes  Function/Label
   -----  --------------
      11  ?<Constant "          ">
      11  ?<Constant "WAITING...">
       2  Last_Time_Sequence
       2  _A_PBOUT_L
       2  _A_PM5CTL0_L
       1  change
       1  chosen_direction
       2  cycle_count
       1  display_mode
     140  main
       1  slow_input_down
       2  stopwatch_seconds
       2  test_value
       2  time_change

 
 140 bytes in segment CODE
   4 bytes in segment DATA16_AN
  22 bytes in segment DATA16_C
  14 bytes in segment DATA16_Z
 
 140 bytes of CODE  memory
  22 bytes of CONST memory
  14 bytes of DATA  memory (+ 4 bytes shared)

Errors: none
Warnings: 1
