###############################################################################
#
# IAR C/C++ Compiler V7.21.1.1000/W32 for MSP430          15/Feb/2022  15:53:39
# Copyright 1996-2021 IAR Systems AB.
# PC-locked license - IAR Embedded Workbench for MSP430, 8K KickStart Edition 7.21
#
#    __rt_version  =  3
#    __double_size =  32
#    __reg_r4      =  free
#    __reg_r5      =  free
#    __pic         =  no
#    __core        =  430X
#    __data_model  =  small
#    __code_model  =  large
#    Source file   =  C:\Users\saad\Documents\ece-306\Project 05\switches.c
#    Command line  =  
#        -f C:\Users\saad\AppData\Local\Temp\EW1D0.tmp
#        ("C:\Users\saad\Documents\ece-306\Project 05\switches.c" -lC
#        "C:\Users\saad\Documents\ece-306\Project 05\Debug\List" -o
#        "C:\Users\saad\Documents\ece-306\Project 05\Debug\Obj" --no_cse
#        --no_unroll --no_inline --no_code_motion --no_tbaa --debug
#        -D__MSP430FR2355__ -e --double=32 --dlib_config "C:\Program Files\IAR
#        Systems\Embedded Workbench 8.5\430\lib\dlib\dl430xlsfn.h" -I ./
#        --core=430X --data_model=small -On --multiplier=32
#        --hw_workaround=CPU40 --code_model=large)
#    Locale        =  English_USA.1252
#    List file     =  
#        C:\Users\saad\Documents\ece-306\Project 05\Debug\List\switches.lst
#    Object file   =  
#        C:\Users\saad\Documents\ece-306\Project 05\Debug\Obj\switches.r43
#
###############################################################################

C:\Users\saad\Documents\ece-306\Project 05\switches.c
      1          #include "msp430.h"

   \                                 In  segment DATA16_AN, at 0x202
   \   union <unnamed> _A_PAOUT_L
   \                     _A_PAOUT_L:
   \   000000                DS8 2

   \                                 In  segment DATA16_AN, at 0x21c
   \   union <unnamed> _A_PAIFG_L
   \                     _A_PAIFG_L:
   \   000000                DS8 2

   \                                 In  segment DATA16_AN, at 0x23c
   \   union <unnamed> _A_PBIFG_L
   \                     _A_PBIFG_L:
   \   000000                DS8 2
      2          #include "switches.h"
      3          #include "ports.h"
      4          #include "wheels.h"

   \                                 In  segment DATA16_Z, align 2, align-sorted
   \   000000                REQUIRE ?cstart_init_zero
      5          volatile unsigned int sw1Okay, sw2Okay;
   \                     sw1Okay:
   \   000000                DS8 2

   \                                 In  segment DATA16_Z, align 2, align-sorted
   \   000000                REQUIRE ?cstart_init_zero
   \                     sw2Okay:
   \   000000                DS8 2

   \                                 In  segment DATA16_Z, align 2, align-sorted
   \   000000                REQUIRE ?cstart_init_zero
      6          volatile unsigned int count_debounce_SW1, count_debounce_SW2;
   \                     count_debounce_SW1:
   \   000000                DS8 2

   \                                 In  segment DATA16_Z, align 2, align-sorted
   \   000000                REQUIRE ?cstart_init_zero
   \                     count_debounce_SW2:
   \   000000                DS8 2

   \                                 In  segment DATA16_Z, align 2, align-sorted
   \   000000                REQUIRE ?cstart_init_zero
      7          volatile unsigned int sw1_pos, sw2_pos;
   \                     sw1_pos:
   \   000000                DS8 2

   \                                 In  segment DATA16_Z, align 2, align-sorted
   \   000000                REQUIRE ?cstart_init_zero
   \                     sw2_pos:
   \   000000                DS8 2
      8          extern volatile unsigned int cycle_count;
      9          extern volatile unsigned int stopwatch_seconds;
     10          extern volatile char state;
     11          
     12          
     13          #pragma vector=PORT4_VECTOR

   \                                 In  segment ISR_CODE, align 2
     14          __interrupt void switchP4_interrupt(void){
   \                     switchP4_interrupt:
     15            if(P4IFG & SW1){
   \   000000   E2B33D02     BIT.B   #0x2, &0x23d
   \   000004   0D28         JNC     ??switchP4_interrupt_0
     16              P4IFG &= ~SW1;
   \   000006   E2C33D02     BIC.B   #0x2, &0x23d
     17              if(state == START){
   \   00000A   F2905300.... CMP.B   #0x53, &state
   \   000010   0720         JNE     ??switchP4_interrupt_0
     18                  stopwatch_seconds = 0;
   \   000012   8243....     MOV.W   #0x0, &stopwatch_seconds
     19                  cycle_count = 0;
   \   000016   8243....     MOV.W   #0x0, &cycle_count
     20                  state = WAIT;
   \   00001A   F2405700.... MOV.B   #0x57, &state
     21              }
     22            }
     23          }
   \                     ??switchP4_interrupt_0:
   \   000020   0013         RETI
   \   000022                REQUIRE _A_PBIFG_L
     24          
     25          #pragma vector=PORT2_VECTOR

   \                                 In  segment ISR_CODE, align 2
     26          __interrupt void switchP2_interrupt(void){
   \                     switchP2_interrupt:
     27            if(P2IFG & SW2){
   \   000000   F2B21D02     BIT.B   #0x8, &0x21d
   \   000004   0428         JNC     ??switchP2_interrupt_0
     28              P2IFG &= ~SW2;
   \   000006   F2C21D02     BIC.B   #0x8, &0x21d
     29              P1OUT |= RED_LED;
   \   00000A   D2D30202     BIS.B   #0x1, &0x202
     30            }
     31          }
   \                     ??switchP2_interrupt_0:
   \   00000E   0013         RETI
   \   000010                REQUIRE _A_PAIFG_L
   \   000010                REQUIRE _A_PAOUT_L

   \                                 In  segment INTVEC, offset 0x2c, root
   \                     `??switchP4_interrupt::??INTVEC 44`:
   \   00002C   ....         DC16    switchP4_interrupt

   \                                 In  segment INTVEC, offset 0x30, root
   \                     `??switchP2_interrupt::??INTVEC 48`:
   \   000030   ....         DC16    switchP2_interrupt
     32          

   Maximum stack usage in bytes:

   CSTACK Function
   ------ --------
      4   switchP2_interrupt
      4   switchP4_interrupt


   Segment part sizes:

   Bytes  Function/Label
   -----  --------------
       2  _A_PAIFG_L
       2  _A_PAOUT_L
       2  _A_PBIFG_L
       2  count_debounce_SW1
       2  count_debounce_SW2
       2  sw1Okay
       2  sw1_pos
       2  sw2Okay
       2  sw2_pos
      16  switchP2_interrupt
       2  switchP2_interrupt::??INTVEC 48
      34  switchP4_interrupt
       2  switchP4_interrupt::??INTVEC 44

 
  6 bytes in segment DATA16_AN
 12 bytes in segment DATA16_Z
  4 bytes in segment INTVEC
 50 bytes in segment ISR_CODE
 
 50 bytes of CODE  memory
  0 bytes of CONST memory (+ 4 bytes shared)
 12 bytes of DATA  memory (+ 6 bytes shared)

Errors: none
Warnings: none
