###############################################################################
#
# IAR C/C++ Compiler V7.21.1.1000/W32 for MSP430          23/Mar/2022  11:45:46
# Copyright 1996-2021 IAR Systems AB.
# PC-locked license - IAR Embedded Workbench for MSP430, 8K KickStart Edition 7.21
#
#    __rt_version  =  3
#    __double_size =  32
#    __reg_r4      =  free
#    __reg_r5      =  free
#    __pic         =  no
#    __core        =  430X
#    __data_model  =  small
#    __code_model  =  large
#    Source file   =  C:\Users\saad\Documents\ece-306\Homework 08\main.c
#    Command line  =  
#        -f C:\Users\saad\AppData\Local\Temp\EWD2A6.tmp
#        ("C:\Users\saad\Documents\ece-306\Homework 08\main.c" -lC
#        "C:\Users\saad\Documents\ece-306\Homework 08\Debug\List" -o
#        "C:\Users\saad\Documents\ece-306\Homework 08\Debug\Obj" --no_cse
#        --no_unroll --no_inline --no_code_motion --no_tbaa --debug
#        -D__MSP430FR2355__ -e --double=32 --dlib_config "C:\Program Files\IAR
#        Systems\Embedded Workbench 8.5\430\lib\dlib\dl430xlsfn.h" -I ./
#        --core=430X --data_model=small -On --multiplier=32
#        --hw_workaround=CPU40 --code_model=large)
#    Locale        =  English_USA.1252
#    List file     =  
#        C:\Users\saad\Documents\ece-306\Homework 08\Debug\List\main.lst
#    Object file   =  
#        C:\Users\saad\Documents\ece-306\Homework 08\Debug\Obj\main.r43
#
###############################################################################

C:\Users\saad\Documents\ece-306\Homework 08\main.c
      1          //------------------------------------------------------------------------------
      2          //
      3          //  Description: This file contains the Main Routine - "While" Operating System
      4          //
      5          //
      6          //  Jim Carlson
      7          //  Jan 2022
      8          //  Built with IAR Embedded Workbench Version: (7.21.1)
      9          //------------------------------------------------------------------------------
     10          
     11          //------------------------------------------------------------------------------
     12          #include  "functions.h"
     13          #include  "msp430.h"

   \                                 In  segment DATA16_AN, at 0x222
   \   union <unnamed> _A_PBOUT_L
   \                     _A_PBOUT_L:
   \   000000                DS8 2

   \                                 In  segment DATA16_AN, at 0x130
   \   union <unnamed> _A_PM5CTL0_L
   \                     _A_PM5CTL0_L:
   \   000000                DS8 2

   \                                 In  segment DATA16_AN, at 0x506
   \   union <unnamed> _A_UCA0BRW_L
   \                     _A_UCA0BRW_L:
   \   000000                DS8 2

   \                                 In  segment DATA16_AN, at 0x508
   \   union <unnamed> _A_UCA0MCTLW_L
   \                     _A_UCA0MCTLW_L:
   \   000000                DS8 2
     14          #include <string.h>
     15          #include "macros.h"
     16          #include "init.h"
     17          #include "led.h"
     18          #include "wheels.h"
     19          #include "ports.h"
     20          #include "switches.h"
     21          #include "timers.h"
     22          #include "adc.h"
     23          #include "detectors.h"
     24          #include "sm.h"
     25          // Function Prototypes
     26          void main(void);
     27          
     28          
     29          // Global Variables
     30          // Global Variables

   \                                 In  segment DATA16_Z, align 1, align-sorted
   \   000000                REQUIRE ?cstart_init_zero
     31          volatile char slow_input_down;
   \                     slow_input_down:
   \   000000                DS8 1
     32          extern char display_line[4][11];
     33          extern char *display[4];

   \                                 In  segment DATA16_Z, align 1, align-sorted
   \   000000                REQUIRE ?cstart_init_zero
     34          unsigned char display_mode;
   \                     display_mode:
   \   000000                DS8 1
     35          extern volatile unsigned char display_changed;
     36          extern volatile unsigned char update_display;
     37          extern volatile unsigned int update_display_count;
     38          extern volatile unsigned int Time_Sequence;
     39          extern volatile char one_time;
     40          extern volatile unsigned int wheel_tick;

   \                                 In  segment DATA16_Z, align 2, align-sorted
   \   000000                REQUIRE ?cstart_init_zero
     41          unsigned int test_value;
   \                     test_value:
   \   000000                DS8 2

   \                                 In  segment DATA16_Z, align 1, align-sorted
   \   000000                REQUIRE ?cstart_init_zero
     42          char chosen_direction;
   \                     chosen_direction:
   \   000000                DS8 1

   \                                 In  segment DATA16_Z, align 1, align-sorted
   \   000000                REQUIRE ?cstart_init_zero
     43          char change;
   \                     change:
   \   000000                DS8 1

   \                                 In  segment DATA16_Z, align 2, align-sorted
   \   000000                REQUIRE ?cstart_init_zero
     44          unsigned int Last_Time_Sequence;
   \                     Last_Time_Sequence:
   \   000000                DS8 2

   \                                 In  segment DATA16_Z, align 2, align-sorted
   \   000000                REQUIRE ?cstart_init_zero
     45          volatile unsigned int cycle_count;
   \                     cycle_count:
   \   000000                DS8 2

   \                                 In  segment DATA16_Z, align 2, align-sorted
   \   000000                REQUIRE ?cstart_init_zero
     46          volatile unsigned int stopwatch_seconds;
   \                     stopwatch_seconds:
   \   000000                DS8 2

   \                                 In  segment DATA16_Z, align 2, align-sorted
   \   000000                REQUIRE ?cstart_init_zero
     47          volatile unsigned int time_change;
   \                     time_change:
   \   000000                DS8 2
     48          extern volatile unsigned int right_tick, left_tick;
     49          extern char adc_char[5];
     50          extern volatile unsigned int ADC_Left_Detect, ADC_Right_Detect;
     51          extern char movingDirection;
     52          extern char enteringDirection;
     53          extern float timeElapsed;
     54          extern char state;
     55          extern volatile unsigned int stopwatchUpdated;

   \                                 In  segment DATA16_Z, align 2, align-sorted
   \   000000                REQUIRE ?cstart_init_zero
     56          unsigned volatile UCA0_index,UCA1_index;
   \                     UCA0_index:
   \   000000                DS8 2

   \                                 In  segment DATA16_Z, align 2, align-sorted
   \   000000                REQUIRE ?cstart_init_zero
   \                     UCA1_index:
   \   000000                DS8 2

   \                                 In  segment DATA16_I, align 2, align-sorted
   \   000000                REQUIRE ?cstart_init_copy
     57          char* test_command = "NCSU  #1";
   \                     test_command:
   \   000000                DS8 2
   \   000002                REQUIRE `?<Initializer for test_command>`
     58          extern volatile char USB_Char_Rx[];
     59          //===========================================================================
     60          // Function name: Main
     61          //
     62          // Description: This function contains the while loop that runs continuously
     63          // to act for the operating system. It also calls all the functions to
     64          // initialize the system.
     65          //
     66          // Passed : no variables passed
     67          // Locals: no variables declared
     68          // Returned: no values returned
     69          // Globals: char* display_1
     70          // char* display_2
     71          // slow_input_down
     72          // control_state[CNTL_STATE_INDEX]
     73          //
     74          // Author: Ibrahim Moghul
     75          // Date: Feb 2022
     76          // Compiler: Built with IAR Embedded Workbench Version: (7.21.1)
     77          //===========================================================================
     78          

   \                                 In  segment CODE, align 2
     79          void main(void) {
   \                     main:
     80              //------------------------------------------------------------------------------
     81              // Main Program
     82              // This is the main routine for the program. Execution of code starts here.
     83              // The operating system is Back Ground Fore Ground.
     84              //
     85              //------------------------------------------------------------------------------
     86              PM5CTL0 &= ~LOCKLPM5;
   \   000000   92C33001     BIC.W   #0x1, &0x130
     87              // Disable the GPIO power-on default high-impedance mode to activate
     88              // previously configured port settings
     89          
     90              Init_Ports();                        // Initialize Ports
   \   000004   ........     CALLA   #Init_Ports
     91              Init_Clocks();                       // Initialize Clock System
   \   000008   ........     CALLA   #Init_Clocks
     92              Init_Conditions();                   // Initialize Variables and Initial Conditions
   \   00000C   ........     CALLA   #Init_Conditions
     93              Init_Timers();                       // Initialize Timers
   \   000010   ........     CALLA   #Init_Timers
     94              Init_LCD();                          // Initialize LCD
   \   000014   ........     CALLA   #Init_LCD
     95              Init_REF();
   \   000018   ........     CALLA   #Init_REF
     96              Init_DAC();
   \   00001C   ........     CALLA   #Init_DAC
     97              Init_ADC();
   \   000020   ........     CALLA   #Init_ADC
     98              Init_Serial_UCA();
                     ^
Warning[Pe223]: function "Init_Serial_UCA" declared implicitly
   \   000024   ........     CALLA   #Init_Serial_UCA
     99              EmitterOn();
   \   000028   ........     CALLA   #EmitterOn
    100              // Place the contents of what you want on the display, in between the quotes
    101              // Limited to 10 characters per line
    102              strcpy(display_line[0], "          ");
   \   00002C   3D40....     MOV.W   #`?<Constant "          ">`, R13
   \   000030   3C40....     MOV.W   #display_line, R12
   \   000034   ........     CALLA   #strcpy
    103              strcpy(display_line[1], "          ");
   \   000038   3D40....     MOV.W   #`?<Constant "          ">`, R13
   \   00003C   3C40....     MOV.W   #display_line + 11, R12
   \   000040   ........     CALLA   #strcpy
    104              strcpy(display_line[2], "          ");
   \   000044   3D40....     MOV.W   #`?<Constant "          ">`, R13
   \   000048   3C40....     MOV.W   #display_line + 22, R12
   \   00004C   ........     CALLA   #strcpy
    105              strcpy(display_line[3], "          ");
   \   000050   3D40....     MOV.W   #`?<Constant "          ">`, R13
   \   000054   3C40....     MOV.W   #display_line + 33, R12
   \   000058   ........     CALLA   #strcpy
    106              display_changed = TRUE;
   \   00005C   D243....     MOV.B   #0x1, &display_changed
    107          
    108              //------------------------------------------------------------------------------
    109              // Begining of the "While" Operating System
    110              //------------------------------------------------------------------------------
    111              while(ALWAYS) {                       // Can the Operating system run
    112                  Display_Process();                  // Update Display
   \                     ??main_0:
   \   000060   ........     CALLA   #Display_Process
    113                  //DetectMovement();
    114                  //StateMachine();                     // Run wheels state machine
    115                  MotorSafety();
   \   000064   ........     CALLA   #MotorSafety
    116                  P3OUT ^= TEST_PROBE;               // Change State of TEST_PROBE OFF
   \   000068   D2E32202     XOR.B   #0x1, &0x222
    117                  /*if(movingDirection == MOVING_RIGHT) strcpy(display_line[1], "  RIGHT   ");
    118                  else if(movingDirection == MOVING_STRAIGHT) strcpy(display_line[1], " STRAIGHT ");
    119                  else if (movingDirection == MOVING_LEFT) strcpy(display_line[1], "   LEFT   ");
    120                  else if (movingDirection == NOT_MOVING) strcpy(display_line[1], "NOT MOVING");*/
    121          
    122                  /*if(stopwatchUpdated){
    123                    stopwatchUpdated = 0;
    124                    HEXtoBCD((int)timeElapsed,3,0);
    125                    display_line[3][4]='.';
    126                    display_line[3][5]=(int)(10*(timeElapsed-(int)timeElapsed))+0x30;
    127                    display_changed = 1;
    128                  }*/
    129                  
    130                  strcpy(display_line[2], "   Baud   ");
   \   00006C   3D40....     MOV.W   #`?<Constant "   Baud   ">`, R13
   \   000070   3C40....     MOV.W   #display_line + 22, R12
   \   000074   ........     CALLA   #strcpy
    131                  
    132                  
    133                  if(UCA0BRW == 4 && UCA0MCTLW == 0x5551){
   \   000078   A2920605     CMP.W   #0x4, &0x506
   \   00007C   0D20         JNE     ??main_2
   \   00007E   B29051550805 CMP.W   #0x5551, &0x508
   \   000084   0920         JNE     ??main_2
    134                    strcpy(display_line[3], "  115200  ");
   \   000086   3D40....     MOV.W   #`?<Constant "  115200  ">`, R13
   \   00008A   3C40....     MOV.W   #display_line + 33, R12
   \   00008E   ........     CALLA   #strcpy
    135                    display_changed=1;
   \   000092   D243....     MOV.B   #0x1, &display_changed
   \   000096   0F3C         JMP     ??main_1
    136                  }
    137                  else if(UCA0BRW == 1 && UCA0MCTLW == 0x4A11){
   \                     ??main_2:
   \   000098   92930605     CMP.W   #0x1, &0x506
   \   00009C   0C20         JNE     ??main_1
   \   00009E   B290114A0805 CMP.W   #0x4a11, &0x508
   \   0000A4   0820         JNE     ??main_1
    138                    strcpy(display_line[3], "  460800  ");
   \   0000A6   3D40....     MOV.W   #`?<Constant "  460800  ">`, R13
   \   0000AA   3C40....     MOV.W   #display_line + 33, R12
   \   0000AE   ........     CALLA   #strcpy
    139                    display_changed=1;
   \   0000B2   D243....     MOV.B   #0x1, &display_changed
    140                  }
    141                  
    142                  if(cycle_count==0){
   \                     ??main_1:
   \   0000B6   8293....     CMP.W   #0x0, &cycle_count
   \   0000BA   0220         JNE     ??main_3
    143                    display_changed = 1;
   \   0000BC   D243....     MOV.B   #0x1, &display_changed
    144                  }
    145          
    146                  if(Last_Time_Sequence != Time_Sequence) {
   \                     ??main_3:
   \   0000C0   9292........ CMP.W   &Time_Sequence, &Last_Time_Sequence
   \   0000C6   CC27         JEQ     ??main_0
    147                      Last_Time_Sequence = Time_Sequence;
   \   0000C8   9242........ MOV.W   &Time_Sequence, &Last_Time_Sequence
    148                      cycle_count++;
   \   0000CE   9253....     ADD.W   #0x1, &cycle_count
    149                      time_change = 1;
   \   0000D2   9243....     MOV.W   #0x1, &time_change
    150          
    151                      if(cycle_count == TIME_SEQUENCE_MAX) {
   \   0000D6   B290FA00.... CMP.W   #0xfa, &cycle_count
   \   0000DC   C123         JNE     ??main_0
    152                          cycle_count = 0;
   \   0000DE   8243....     MOV.W   #0x0, &cycle_count
    153                          stopwatch_seconds++;
   \   0000E2   9253....     ADD.W   #0x1, &stopwatch_seconds
   \   0000E6   BC3F         JMP     ??main_0
   \   0000E8   0343         NOP
   \   0000EA                REQUIRE _A_PM5CTL0_L
   \   0000EA                REQUIRE _A_PBOUT_L
   \   0000EA                REQUIRE _A_UCA0BRW_L
   \   0000EA                REQUIRE _A_UCA0MCTLW_L
    154                      }
    155                  }
    156              }
    157          
    158              //------------------------------------------------------------------------------
    159          }

   \                                 In  segment DATA16_ID, align 2, align-sorted
   \                     `?<Initializer for test_command>`:
   \   000000   ....         DC16 `?<Constant "NCSU  #1">`

   \                                 In  segment DATA16_C, align 1, align-sorted
   \                     `?<Constant "NCSU  #1">`:
   \   000000   4E4353552020 DC8 "NCSU  #1"
   \            233100      

   \                                 In  segment DATA16_C, align 1, align-sorted
   \                     `?<Constant "          ">`:
   \   000000   202020202020 DC8 "          "
   \            2020202000  

   \                                 In  segment DATA16_C, align 1, align-sorted
   \                     `?<Constant "   Baud   ">`:
   \   000000   202020426175 DC8 "   Baud   "
   \            6420202000  

   \                                 In  segment DATA16_C, align 1, align-sorted
   \                     `?<Constant "  115200  ">`:
   \   000000   202031313532 DC8 "  115200  "
   \            3030202000  

   \                                 In  segment DATA16_C, align 1, align-sorted
   \                     `?<Constant "  460800  ">`:
   \   000000   202034363038 DC8 "  460800  "
   \            3030202000  
    160          

   Maximum stack usage in bytes:

   CSTACK Function
   ------ --------
      4   main
        4   -> Display_Process
        4   -> EmitterOn
        4   -> Init_ADC
        4   -> Init_Clocks
        4   -> Init_Conditions
        4   -> Init_DAC
        4   -> Init_LCD
        4   -> Init_Ports
        4   -> Init_REF
        4   -> Init_Serial_UCA
        4   -> Init_Timers
        4   -> MotorSafety
        4   -> strcpy


   Segment part sizes:

   Bytes  Function/Label
   -----  --------------
      11  ?<Constant "          ">
      11  ?<Constant "   Baud   ">
      11  ?<Constant "  115200  ">
      11  ?<Constant "  460800  ">
       9  ?<Constant "NCSU  #1">
       2  ?<Initializer for test_command>
       2  Last_Time_Sequence
       2  UCA0_index
       2  UCA1_index
       2  _A_PBOUT_L
       2  _A_PM5CTL0_L
       2  _A_UCA0BRW_L
       2  _A_UCA0MCTLW_L
       1  change
       1  chosen_direction
       2  cycle_count
       1  display_mode
     234  main
       1  slow_input_down
       2  stopwatch_seconds
       2  test_command
       2  test_value
       2  time_change

 
 234 bytes in segment CODE
   8 bytes in segment DATA16_AN
  53 bytes in segment DATA16_C
   2 bytes in segment DATA16_I
   2 bytes in segment DATA16_ID
  18 bytes in segment DATA16_Z
 
 234 bytes of CODE  memory
  55 bytes of CONST memory
  20 bytes of DATA  memory (+ 8 bytes shared)

Errors: none
Warnings: 1
