###############################################################################
#
# IAR C/C++ Compiler V7.21.1.1000/W32 for MSP430          31/Mar/2022  22:55:44
# Copyright 1996-2021 IAR Systems AB.
# PC-locked license - IAR Embedded Workbench for MSP430, 8K KickStart Edition 7.21
#
#    __rt_version  =  3
#    __double_size =  32
#    __reg_r4      =  free
#    __reg_r5      =  free
#    __pic         =  no
#    __core        =  430X
#    __data_model  =  small
#    __code_model  =  large
#    Source file   =  
#        C:\Users\saad\Documents\ece-306\ESP32-WROOM Wi-Fi module\main.c
#    Command line  =  
#        -f C:\Users\saad\AppData\Local\Temp\EW8914.tmp
#        ("C:\Users\saad\Documents\ece-306\ESP32-WROOM Wi-Fi module\main.c" -lC
#        "C:\Users\saad\Documents\ece-306\ESP32-WROOM Wi-Fi module\Debug\List"
#        -o "C:\Users\saad\Documents\ece-306\ESP32-WROOM Wi-Fi
#        module\Debug\Obj" --debug -D__MSP430FR2355__ -e --double=32
#        --dlib_config "C:\Program Files\IAR Systems\Embedded Workbench
#        8.5\430\lib\dlib\dl430xlsfn.h" --core=430X --data_model=small -Oh
#        --multiplier=32 --hw_workaround=CPU40 --code_model=large)
#    Locale        =  English_USA.1252
#    List file     =  
#        C:\Users\saad\Documents\ece-306\ESP32-WROOM Wi-Fi
#        module\Debug\List\main.lst
#    Object file   =  
#        C:\Users\saad\Documents\ece-306\ESP32-WROOM Wi-Fi
#        module\Debug\Obj\main.r43
#
###############################################################################

C:\Users\saad\Documents\ece-306\ESP32-WROOM Wi-Fi module\main.c
      1          //------------------------------------------------------------------------------
      2          //
      3          //  Description: This file contains the Main Routine - "While" Operating System
      4          //
      5          //
      6          //  Jim Carlson
      7          //  Aug 2017
      8          //  Built with IAR Embedded Workbench Version: V7.10.2 (8.0.6.4651)
      9          //------------------------------------------------------------------------------
     10          
     11          //------------------------------------------------------------------------------
     12          #include  "msp430.h"
     13          #include <string.h>
     14          
     15          void go(void);
     16          

   \                                 In  segment CODE, align 2
     17          void main(void){
   \                     main:
     18            go();
   \   000000   ........     BRA     #go
     19          }
     20          

   Maximum stack usage in bytes:

   CSTACK Function
   ------ --------
      4   main
        0   -> go


   Segment part sizes:

   Bytes  Function/Label
   -----  --------------
       4  main

 
 4 bytes in segment CODE
 
 4 bytes of CODE memory

Errors: none
Warnings: none
