###############################################################################
#
# IAR C/C++ Compiler V7.21.1.1000/W32 for MSP430          19/Feb/2022  15:20:41
# Copyright 1996-2021 IAR Systems AB.
# PC-locked license - IAR Embedded Workbench for MSP430, 8K KickStart Edition 7.21
#
#    __rt_version  =  3
#    __double_size =  32
#    __reg_r4      =  free
#    __reg_r5      =  free
#    __pic         =  no
#    __core        =  430X
#    __data_model  =  small
#    __code_model  =  large
#    Source file   =  C:\Users\saad\Documents\ece-306\Homework 06\ports.c
#    Command line  =  
#        -f C:\Users\saad\AppData\Local\Temp\EW4647.tmp
#        ("C:\Users\saad\Documents\ece-306\Homework 06\ports.c" -lC
#        "C:\Users\saad\Documents\ece-306\Homework 06\Debug\List" -o
#        "C:\Users\saad\Documents\ece-306\Homework 06\Debug\Obj" --no_cse
#        --no_unroll --no_inline --no_code_motion --no_tbaa --debug
#        -D__MSP430FR2355__ -e --double=32 --dlib_config "C:\Program Files\IAR
#        Systems\Embedded Workbench 8.5\430\lib\dlib\dl430xlsfn.h" -I ./
#        --core=430X --data_model=small -On --multiplier=32
#        --hw_workaround=CPU40 --code_model=large)
#    Locale        =  English_USA.1252
#    List file     =  
#        C:\Users\saad\Documents\ece-306\Homework 06\Debug\List\ports.lst
#    Object file   =  
#        C:\Users\saad\Documents\ece-306\Homework 06\Debug\Obj\ports.r43
#
###############################################################################

C:\Users\saad\Documents\ece-306\Homework 06\ports.c
      1          //==============================================================================
      2          // File Name : ports.c 
      3          // 
      4          // Description: This file contains the Initialization for all port pins 
      5          // 
      6          // Author: Ibrahim Moghul
      7          // Date: Feb 2022 
      8          // Compiler: Built with IAR Embedded Workbench Version: 7.21.1 
      9          //==============================================================================
     10          #include "ports.h"
     11          #include "msp430.h"

   \                                 In  segment DATA16_AN, at 0x202
   \   union <unnamed> _A_PAOUT_L
   \                     _A_PAOUT_L:
   \   000000                DS8 2

   \                                 In  segment DATA16_AN, at 0x204
   \   union <unnamed> _A_PADIR_L
   \                     _A_PADIR_L:
   \   000000                DS8 2

   \                                 In  segment DATA16_AN, at 0x206
   \   union <unnamed> _A_PAREN_L
   \                     _A_PAREN_L:
   \   000000                DS8 2

   \                                 In  segment DATA16_AN, at 0x20a
   \   union <unnamed> _A_PASEL0_L
   \                     _A_PASEL0_L:
   \   000000                DS8 2

   \                                 In  segment DATA16_AN, at 0x20c
   \   union <unnamed> _A_PASEL1_L
   \                     _A_PASEL1_L:
   \   000000                DS8 2

   \                                 In  segment DATA16_AN, at 0x218
   \   union <unnamed> _A_PAIES_L
   \                     _A_PAIES_L:
   \   000000                DS8 2

   \                                 In  segment DATA16_AN, at 0x21a
   \   union <unnamed> _A_PAIE_L
   \                     _A_PAIE_L:
   \   000000                DS8 2

   \                                 In  segment DATA16_AN, at 0x21c
   \   union <unnamed> _A_PAIFG_L
   \                     _A_PAIFG_L:
   \   000000                DS8 2

   \                                 In  segment DATA16_AN, at 0x222
   \   union <unnamed> _A_PBOUT_L
   \                     _A_PBOUT_L:
   \   000000                DS8 2

   \                                 In  segment DATA16_AN, at 0x224
   \   union <unnamed> _A_PBDIR_L
   \                     _A_PBDIR_L:
   \   000000                DS8 2

   \                                 In  segment DATA16_AN, at 0x226
   \   union <unnamed> _A_PBREN_L
   \                     _A_PBREN_L:
   \   000000                DS8 2

   \                                 In  segment DATA16_AN, at 0x22a
   \   union <unnamed> _A_PBSEL0_L
   \                     _A_PBSEL0_L:
   \   000000                DS8 2

   \                                 In  segment DATA16_AN, at 0x22c
   \   union <unnamed> _A_PBSEL1_L
   \                     _A_PBSEL1_L:
   \   000000                DS8 2

   \                                 In  segment DATA16_AN, at 0x238
   \   union <unnamed> _A_PBIES_L
   \                     _A_PBIES_L:
   \   000000                DS8 2

   \                                 In  segment DATA16_AN, at 0x23a
   \   union <unnamed> _A_PBIE_L
   \                     _A_PBIE_L:
   \   000000                DS8 2

   \                                 In  segment DATA16_AN, at 0x23c
   \   union <unnamed> _A_PBIFG_L
   \                     _A_PBIFG_L:
   \   000000                DS8 2

   \                                 In  segment DATA16_AN, at 0x242
   \   union <unnamed> _A_PCOUT_L
   \                     _A_PCOUT_L:
   \   000000                DS8 2

   \                                 In  segment DATA16_AN, at 0x244
   \   union <unnamed> _A_PCDIR_L
   \                     _A_PCDIR_L:
   \   000000                DS8 2

   \                                 In  segment DATA16_AN, at 0x24a
   \   union <unnamed> _A_PCSEL0_L
   \                     _A_PCSEL0_L:
   \   000000                DS8 2

   \                                 In  segment DATA16_AN, at 0x24c
   \   union <unnamed> _A_PCSEL1_L
   \                     _A_PCSEL1_L:
   \   000000                DS8 2
     12          
     13          //===========================================================================
     14          // Function name: Init_Ports
     15          //
     16          // Description: Initialize all ports
     17          //
     18          // Passed : no variables passed
     19          // Locals: no variables declared
     20          // Returned: no values returned
     21          // Globals: no global variables used
     22          //
     23          // Author: Ibrahim Moghul
     24          // Date: Feb 2022
     25          // Compiler: Built with IAR Embedded Workbench Version: (7.21.1)
     26          //===========================================================================

   \                                 In  segment CODE, align 2
     27          void Init_Ports(void){
   \                     Init_Ports:
     28            Init_Port1();
   \   000000   ........     CALLA   #Init_Port1
     29            Init_Port2();
   \   000004   ........     CALLA   #Init_Port2
     30            Init_Port3(USE_GPIO);
   \   000008   4C43         MOV.B   #0x0, R12
   \   00000A   ........     CALLA   #Init_Port3
     31            Init_Port4();
   \   00000E   ........     CALLA   #Init_Port4
     32            Init_Port5();
   \   000012   ........     CALLA   #Init_Port5
     33            Init_Port6();
   \   000016   ........     CALLA   #Init_Port6
     34          }
   \   00001A   1001         RETA
     35          
     36          //===========================================================================
     37          // Function name: Init_Port1
     38          //
     39          // Description: Initialize all pins on port 1
     40          //
     41          // Passed : no variables passed
     42          // Locals: no variables declared
     43          // Returned: no values returned
     44          // Globals: no global variables used
     45          //
     46          // Author: Ibrahim Moghul
     47          // Date: Feb 2022
     48          // Compiler: Built with IAR Embedded Workbench Version: (7.21.1)
     49          //===========================================================================

   \                                 In  segment CODE, align 2
     50          void Init_Port1() {
   \                     Init_Port1:
     51              P1OUT = 0x00;
   \   000000   C2430202     MOV.B   #0x0, &0x202
     52              P1DIR = 0x00;
   \   000004   C2430402     MOV.B   #0x0, &0x204
     53          
     54              P1SEL0 &= ~RED_LED;
   \   000008   D2C30A02     BIC.B   #0x1, &0x20a
     55              P1SEL1 &= ~RED_LED;
   \   00000C   D2C30C02     BIC.B   #0x1, &0x20c
     56              P1DIR |= RED_LED;
   \   000010   D2D30402     BIS.B   #0x1, &0x204
     57              P1OUT &= ~RED_LED;
   \   000014   D2C30202     BIC.B   #0x1, &0x202
     58          
     59              P1SEL0 |= A1_SEEED;
   \   000018   E2D30A02     BIS.B   #0x2, &0x20a
     60              P1SEL1 |= A1_SEEED;
   \   00001C   E2D30C02     BIS.B   #0x2, &0x20c
     61          
     62              P1SEL0 |= V_DETECT_L;
   \   000020   E2D20A02     BIS.B   #0x4, &0x20a
     63              P1SEL1 |= V_DETECT_L;
   \   000024   E2D20C02     BIS.B   #0x4, &0x20c
     64          
     65              P1SEL0 |= V_DETECT_R;
   \   000028   F2D20A02     BIS.B   #0x8, &0x20a
     66              P1SEL1 |= V_DETECT_R;
   \   00002C   F2D20C02     BIS.B   #0x8, &0x20c
     67          
     68              P1SEL0 &= ~SMCLK_2476;
   \   000030   F2C010000A02 BIC.B   #0x10, &0x20a
     69              P1SEL1 &= ~SMCLK_2476;
   \   000036   F2C010000C02 BIC.B   #0x10, &0x20c
     70              P1DIR &= ~SMCLK_2476;
   \   00003C   F2C010000402 BIC.B   #0x10, &0x204
     71          
     72              P1SEL0 |= V_THUMB;
   \   000042   F2D020000A02 BIS.B   #0x20, &0x20a
     73              P1SEL1 |= V_THUMB;
   \   000048   F2D020000C02 BIS.B   #0x20, &0x20c
     74          
     75              P1SEL0 &= ~UCA0RXD;
   \   00004E   F2C040000A02 BIC.B   #0x40, &0x20a
     76              P1SEL0 |= UCA0RXD;
   \   000054   F2D040000A02 BIS.B   #0x40, &0x20a
     77          
     78              P1SEL0 &= ~UCA0TXD;
   \   00005A   F2C080000A02 BIC.B   #0x80, &0x20a
     79              P1SEL0 |= UCA0TXD;
   \   000060   F2D080000A02 BIS.B   #0x80, &0x20a
     80          }
   \   000066   1001         RETA
   \   000068                REQUIRE _A_PAOUT_L
   \   000068                REQUIRE _A_PADIR_L
   \   000068                REQUIRE _A_PASEL0_L
   \   000068                REQUIRE _A_PASEL1_L
     81          
     82          //===========================================================================
     83          // Function name: Init_Port2
     84          //
     85          // Description: Initialize all pins on port 2
     86          //
     87          // Passed : no variables passed
     88          // Locals: no variables declared
     89          // Returned: no values returned
     90          // Globals: no global variables used
     91          //
     92          // Author: Ibrahim Moghul
     93          // Date: Feb 2022
     94          // Compiler: Built with IAR Embedded Workbench Version: (7.21.1)
     95          //===========================================================================

   \                                 In  segment CODE, align 2
     96          void Init_Port2() {
   \                     Init_Port2:
     97              P2OUT = 0x00;
   \   000000   C2430302     MOV.B   #0x0, &0x203
     98              P2DIR = 0x00;
   \   000004   C2430502     MOV.B   #0x0, &0x205
     99              
    100              P2SEL0 &= ~RESET_LCD;
   \   000008   D2C30B02     BIC.B   #0x1, &0x20b
    101              P2SEL1 &= ~RESET_LCD;
   \   00000C   D2C30D02     BIC.B   #0x1, &0x20d
    102              P2OUT &= ~RESET_LCD;
   \   000010   D2C30302     BIC.B   #0x1, &0x203
    103              P2DIR |= RESET_LCD;
   \   000014   D2D30502     BIS.B   #0x1, &0x205
    104              
    105              P2SEL0 &= ~L_REVERSE_2476;
   \   000018   E2C30B02     BIC.B   #0x2, &0x20b
    106              P2SEL1 &= ~L_REVERSE_2476;
   \   00001C   E2C30D02     BIC.B   #0x2, &0x20d
    107              P2DIR &= ~L_REVERSE_2476;
   \   000020   E2C30502     BIC.B   #0x2, &0x205
    108              
    109              P2SEL0 &= ~P2_2;
   \   000024   E2C20B02     BIC.B   #0x4, &0x20b
    110              P2SEL1 &= ~P2_2;
   \   000028   E2C20D02     BIC.B   #0x4, &0x20d
    111              P2DIR &= ~P2_2;
   \   00002C   E2C20502     BIC.B   #0x4, &0x205
    112              
    113              P2SEL0 &= ~SW2;
   \   000030   F2C20B02     BIC.B   #0x8, &0x20b
    114              P2SEL1 &= ~SW2;
   \   000034   F2C20D02     BIC.B   #0x8, &0x20d
    115              P2OUT |= SW2;
   \   000038   F2D20302     BIS.B   #0x8, &0x203
    116              P2DIR &= ~SW2;
   \   00003C   F2C20502     BIC.B   #0x8, &0x205
    117              P2REN |= SW2;
   \   000040   F2D20702     BIS.B   #0x8, &0x207
    118              P2IES |= SW2;
   \   000044   F2D21902     BIS.B   #0x8, &0x219
    119              P2IFG &= ~SW2;
   \   000048   F2C21D02     BIC.B   #0x8, &0x21d
    120              P2IE |= SW2;
   \   00004C   F2D21B02     BIS.B   #0x8, &0x21b
    121              
    122              P2SEL0 &= ~IOT_RUN_CPU;
   \   000050   F2C010000B02 BIC.B   #0x10, &0x20b
    123              P2SEL1 &= ~IOT_RUN_CPU;
   \   000056   F2C010000D02 BIC.B   #0x10, &0x20d
    124              P2OUT &= ~IOT_RUN_CPU;
   \   00005C   F2C010000302 BIC.B   #0x10, &0x203
    125              P2DIR |= IOT_RUN_CPU;
   \   000062   F2D010000502 BIS.B   #0x10, &0x205
    126              
    127              P2SEL0 &= ~DAC_ENB;
   \   000068   F2C020000B02 BIC.B   #0x20, &0x20b
    128              P2SEL1 &= -DAC_ENB;
   \   00006E   F2F0E0000D02 AND.B   #0xe0, &0x20d
    129              P2OUT |= DAC_ENB;
   \   000074   F2D020000302 BIS.B   #0x20, &0x203
    130              P2DIR |= DAC_ENB;
   \   00007A   F2D020000502 BIS.B   #0x20, &0x205
    131              
    132              P2SEL0 &= ~LFXOUT;
   \   000080   F2C040000B02 BIC.B   #0x40, &0x20b
    133              P2SEL1 |= LFXOUT;
   \   000086   F2D040000D02 BIS.B   #0x40, &0x20d
    134              
    135              P2SEL0 &= ~LFXIN;
   \   00008C   F2C080000B02 BIC.B   #0x80, &0x20b
    136              P2SEL1 |= LFXIN;
   \   000092   F2D080000D02 BIS.B   #0x80, &0x20d
    137          }
   \   000098   1001         RETA
   \   00009A                REQUIRE _A_PAOUT_L
   \   00009A                REQUIRE _A_PADIR_L
   \   00009A                REQUIRE _A_PASEL0_L
   \   00009A                REQUIRE _A_PASEL1_L
   \   00009A                REQUIRE _A_PAREN_L
   \   00009A                REQUIRE _A_PAIES_L
   \   00009A                REQUIRE _A_PAIFG_L
   \   00009A                REQUIRE _A_PAIE_L
    138          
    139          //===========================================================================
    140          // Function name: Init_Port3
    141          //
    142          // Description: Initialize all pins on port 3
    143          //
    144          // Passed : no variables passed
    145          // Locals: no variables declared
    146          // Returned: no values returned
    147          // Globals: no global variables used
    148          //
    149          // Author: Ibrahim Moghul
    150          // Date: Feb 2022
    151          // Compiler: Built with IAR Embedded Workbench Version: (7.21.1)
    152          //===========================================================================

   \                                 In  segment CODE, align 2
    153          void Init_Port3(char smclk) {
   \                     Init_Port3:
    154              P3OUT = 0x00;
   \   000000   C2432202     MOV.B   #0x0, &0x222
    155              P3DIR = 0x00;
   \   000004   C2432402     MOV.B   #0x0, &0x224
    156          
    157              P3SEL0 &= ~TEST_PROBE;
   \   000008   D2C32A02     BIC.B   #0x1, &0x22a
    158              P3SEL1 &= ~TEST_PROBE;
   \   00000C   D2C32C02     BIC.B   #0x1, &0x22c
    159              P3DIR &= ~TEST_PROBE;
   \   000010   D2C32402     BIC.B   #0x1, &0x224
    160          
    161              P3SEL0 &= ~DAC_CNTL1;
   \   000014   E2C32A02     BIC.B   #0x2, &0x22a
    162              P3SEL1 &= ~DAC_CNTL1;
   \   000018   E2C32C02     BIC.B   #0x2, &0x22c
    163              P3DIR &= ~DAC_CNTL1;
   \   00001C   E2C32402     BIC.B   #0x2, &0x224
    164          
    165              P3SEL0 |= OA2N;
   \   000020   E2D22A02     BIS.B   #0x4, &0x22a
    166              P3SEL1 |= OA2N;
   \   000024   E2D22C02     BIS.B   #0x4, &0x22c
    167          
    168              P3SEL0 &= ~LCD_BACKLITE;
   \   000028   F2C22A02     BIC.B   #0x8, &0x22a
    169              P3SEL1 &= ~LCD_BACKLITE;
   \   00002C   F2C22C02     BIC.B   #0x8, &0x22c
    170              P3DIR |= LCD_BACKLITE;
   \   000030   F2D22402     BIS.B   #0x8, &0x224
    171              P3OUT |= LCD_BACKLITE;
   \   000034   F2D22202     BIS.B   #0x8, &0x222
    172              switch(smclk){
   \   000038   4E4C         MOV.B   R12, R14
   \   00003A   4E83         SUB.B   #0x0, R14
   \   00003C   0C24         JEQ     ??Init_Port3_2
   \   00003E   5E83         SUB.B   #0x1, R14
   \   000040   1320         JNE     ??Init_Port3_0
    173                case(USE_SMCLK):
    174                  P3SEL0 |= SMCLK_2355;
   \   000042   F2D010002A02 BIS.B   #0x10, &0x22a
    175                  P3SEL1 &= ~SMCLK_2355;
   \   000048   F2C010002C02 BIC.B   #0x10, &0x22c
    176                  P3DIR |= SMCLK_2355;
   \   00004E   F2D010002402 BIS.B   #0x10, &0x224
    177                  break;
   \   000054   093C         JMP     ??Init_Port3_0
    178                case(USE_GPIO):
    179                  P3SEL0 &= ~SMCLK_2355;
   \                     ??Init_Port3_2:
   \   000056   F2C010002A02 BIC.B   #0x10, &0x22a
    180                  P3SEL1 &= ~SMCLK_2355;
   \   00005C   F2C010002C02 BIC.B   #0x10, &0x22c
    181                  P3DIR &= ~SMCLK_2355;
   \   000062   F2C010002402 BIC.B   #0x10, &0x224
    182                  break;
    183                default: break;
    184              }
    185              P3SEL0 &= ~DAC_CNTL;
   \                     ??Init_Port3_0:
   \   000068   F2C020002A02 BIC.B   #0x20, &0x22a
    186              P3SEL1 &= ~DAC_CNTL;
   \   00006E   F2C020002C02 BIC.B   #0x20, &0x22c
    187              P3DIR &= ~DAC_CNTL;
   \   000074   F2C020002402 BIC.B   #0x20, &0x224
    188          
    189              P3SEL0 &= ~IOT_LINK_CPU;
   \   00007A   F2C040002A02 BIC.B   #0x40, &0x22a
    190              P3SEL1 &= ~IOT_LINK_CPU;
   \   000080   F2C040002C02 BIC.B   #0x40, &0x22c
    191              P3DIR &= ~IOT_LINK_CPU;
   \   000086   F2C040002402 BIC.B   #0x40, &0x224
    192              //P3OUT &= ~IOT_LINK_CPU;
    193          
    194              P3SEL0 &= ~IOT_EN_CPU;
   \   00008C   F2C080002A02 BIC.B   #0x80, &0x22a
    195              P3SEL1 &= ~IOT_EN_CPU;
   \   000092   F2C080002C02 BIC.B   #0x80, &0x22c
    196              P3DIR &= ~IOT_EN_CPU;
   \   000098   F2C080002402 BIC.B   #0x80, &0x224
    197              //P3OUT &= ~IOT_EN_CPU;
    198          }
   \   00009E   1001         RETA
   \   0000A0                REQUIRE _A_PBOUT_L
   \   0000A0                REQUIRE _A_PBDIR_L
   \   0000A0                REQUIRE _A_PBSEL0_L
   \   0000A0                REQUIRE _A_PBSEL1_L
    199          
    200          //===========================================================================
    201          // Function name: Init_Port4
    202          //
    203          // Description: Initialize all pins on port 4
    204          //
    205          // Passed : no variables passed
    206          // Locals: no variables declared
    207          // Returned: no values returned
    208          // Globals: no global variables used
    209          //
    210          // Author: Ibrahim Moghul
    211          // Date: Feb 2022
    212          // Compiler: Built with IAR Embedded Workbench Version: (7.21.1)
    213          //===========================================================================

   \                                 In  segment CODE, align 2
    214          void Init_Port4() {
   \                     Init_Port4:
    215              P4OUT = 0x00;
   \   000000   C2432302     MOV.B   #0x0, &0x223
    216              P4DIR = 0x00;
   \   000004   C2432502     MOV.B   #0x0, &0x225
    217              
    218              P4SEL0 &= ~_4_0;
   \   000008   D2C32B02     BIC.B   #0x1, &0x22b
    219              P4SEL1 &= ~_4_0;
   \   00000C   D2C32D02     BIC.B   #0x1, &0x22d
    220              P4DIR &= ~_4_0;
   \   000010   D2C32502     BIC.B   #0x1, &0x225
    221              
    222              P4SEL0 &= ~SW1;
   \   000014   E2C32B02     BIC.B   #0x2, &0x22b
    223              P4SEL1 &= ~SW1;
   \   000018   E2C32D02     BIC.B   #0x2, &0x22d
    224              P4OUT |= SW1;
   \   00001C   E2D32302     BIS.B   #0x2, &0x223
    225              P4DIR &= ~SW1;
   \   000020   E2C32502     BIC.B   #0x2, &0x225
    226              P4REN |= SW1;
   \   000024   E2D32702     BIS.B   #0x2, &0x227
    227              P4IES |= SW1;
   \   000028   E2D33902     BIS.B   #0x2, &0x239
    228              P4IFG &= ~SW1;
   \   00002C   E2C33D02     BIC.B   #0x2, &0x23d
    229              P4IE |= SW1;
   \   000030   E2D33B02     BIS.B   #0x2, &0x23b
    230              
    231              P4SEL0 |= UCA1TXD;
   \   000034   F2D22B02     BIS.B   #0x8, &0x22b
    232              P4SEL1 &= ~UCA1TXD;
   \   000038   F2C22D02     BIC.B   #0x8, &0x22d
    233              
    234              P4SEL0 |= UCA1RXD;
   \   00003C   E2D22B02     BIS.B   #0x4, &0x22b
    235              P4SEL1 &= UCA1RXD;
   \   000040   E2F22D02     AND.B   #0x4, &0x22d
    236              
    237              P4SEL0 &= ~UCB1_CS_LCD;
   \   000044   F2C010002B02 BIC.B   #0x10, &0x22b
    238              P4SEL1 &= ~UCB1_CS_LCD;
   \   00004A   F2C010002D02 BIC.B   #0x10, &0x22d
    239              P4OUT |= UCB1_CS_LCD;
   \   000050   F2D010002302 BIS.B   #0x10, &0x223
    240              P4DIR |= UCB1_CS_LCD;
   \   000056   F2D010002502 BIS.B   #0x10, &0x225
    241              
    242              P4SEL0 |= UCB1CLK;
   \   00005C   F2D020002B02 BIS.B   #0x20, &0x22b
    243              P4SEL1 &= ~UCB1CLK;
   \   000062   F2C020002D02 BIC.B   #0x20, &0x22d
    244              
    245              P4SEL0 |= UCB1SIMO;
   \   000068   F2D040002B02 BIS.B   #0x40, &0x22b
    246              P4SEL1 &= ~UCB1SIMO;
   \   00006E   F2C040002D02 BIC.B   #0x40, &0x22d
    247              
    248              P4SEL0 |= UCB1SOMI;
   \   000074   F2D080002B02 BIS.B   #0x80, &0x22b
    249              P4SEL1 &= UCB1SOMI;
   \   00007A   F2F080002D02 AND.B   #0x80, &0x22d
    250          }
   \   000080   1001         RETA
   \   000082                REQUIRE _A_PBOUT_L
   \   000082                REQUIRE _A_PBDIR_L
   \   000082                REQUIRE _A_PBSEL0_L
   \   000082                REQUIRE _A_PBSEL1_L
   \   000082                REQUIRE _A_PBREN_L
   \   000082                REQUIRE _A_PBIES_L
   \   000082                REQUIRE _A_PBIFG_L
   \   000082                REQUIRE _A_PBIE_L
    251          
    252          
    253          //===========================================================================
    254          // Function name: Init_Port5
    255          //
    256          // Description: Initialize all pins on port 5
    257          //
    258          // Passed : no variables passed
    259          // Locals: no variables declared
    260          // Returned: no values returned
    261          // Globals: no global variables used
    262          //
    263          // Author: Ibrahim Moghul
    264          // Date: Feb 2022
    265          // Compiler: Built with IAR Embedded Workbench Version: (7.21.1)
    266          //===========================================================================

   \                                 In  segment CODE, align 2
    267          void Init_Port5() {
   \                     Init_Port5:
    268              P5OUT = 0x00;
   \   000000   C2434202     MOV.B   #0x0, &0x242
    269              P5DIR = 0x00;
   \   000004   C2434402     MOV.B   #0x0, &0x244
    270          
    271              P5SEL0 &= ~CHECK_BAT;
   \   000008   D2C34A02     BIC.B   #0x1, &0x24a
    272              P5SEL1 &= ~CHECK_BAT;
   \   00000C   D2C34C02     BIC.B   #0x1, &0x24c
    273              P5DIR &= ~CHECK_BAT;
   \   000010   D2C34402     BIC.B   #0x1, &0x244
    274          
    275              P5SEL0 &= ~V_BAT;
   \   000014   E2C34A02     BIC.B   #0x2, &0x24a
    276              P5SEL1 &= ~V_BAT;
   \   000018   E2C34C02     BIC.B   #0x2, &0x24c
    277              P5DIR &= ~V_BAT;
   \   00001C   E2C34402     BIC.B   #0x2, &0x244
    278          
    279              P5SEL0 &= ~V_DAC;
   \   000020   E2C24A02     BIC.B   #0x4, &0x24a
    280              P5SEL1 &= ~V_DAC;
   \   000024   E2C24C02     BIC.B   #0x4, &0x24c
    281              P5DIR &= ~V_DAC;
   \   000028   E2C24402     BIC.B   #0x4, &0x244
    282          
    283              P5SEL0 &= ~V_3_3;
   \   00002C   F2C24A02     BIC.B   #0x8, &0x24a
    284              P5SEL1 &= ~V_3_3;
   \   000030   F2C24C02     BIC.B   #0x8, &0x24c
    285              P5DIR &= ~V_3_3;
   \   000034   F2C24402     BIC.B   #0x8, &0x244
    286          
    287              P5SEL0 &= ~IOT_BOOT_CPU;
   \   000038   F2C010004A02 BIC.B   #0x10, &0x24a
    288              P5SEL1 &= ~IOT_BOOT_CPU;
   \   00003E   F2C010004C02 BIC.B   #0x10, &0x24c
    289              P5DIR &= ~IOT_BOOT_CPU;
   \   000044   F2C010004402 BIC.B   #0x10, &0x244
    290          }
   \   00004A   1001         RETA
   \   00004C                REQUIRE _A_PCOUT_L
   \   00004C                REQUIRE _A_PCDIR_L
   \   00004C                REQUIRE _A_PCSEL0_L
   \   00004C                REQUIRE _A_PCSEL1_L
    291          
    292          //===========================================================================
    293          // Function name: Init_Port6
    294          //
    295          // Description: Initialize all pins on port 6
    296          //
    297          // Passed : no variables passed
    298          // Locals: no variables declared
    299          // Returned: no values returned
    300          // Globals: no global variables used
    301          //
    302          // Author: Ibrahim Moghul
    303          // Date: Feb 2022
    304          // Compiler: Built with IAR Embedded Workbench Version: (7.21.1)
    305          //===========================================================================

   \                                 In  segment CODE, align 2
    306          void Init_Port6() {
   \                     Init_Port6:
    307              P6OUT = 0x00;
   \   000000   C2434302     MOV.B   #0x0, &0x243
    308              P6DIR = 0x00;
   \   000004   C2434502     MOV.B   #0x0, &0x245
    309              
    310              P6SEL0 |= R_FORWARD;
   \   000008   D2D34B02     BIS.B   #0x1, &0x24b
    311              P6SEL1 &= ~R_FORWARD;
   \   00000C   D2C34D02     BIC.B   #0x1, &0x24d
    312              P6DIR |= R_FORWARD;
   \   000010   D2D34502     BIS.B   #0x1, &0x245
    313              //P6OUT &= ~R_FORWARD;
    314          
    315              P6SEL0 |= L_FORWARD;
   \   000014   E2D34B02     BIS.B   #0x2, &0x24b
    316              P6SEL1 &= ~L_FORWARD;
   \   000018   E2C34D02     BIC.B   #0x2, &0x24d
    317              P6DIR |= L_FORWARD;
   \   00001C   E2D34502     BIS.B   #0x2, &0x245
    318              //P6OUT &= ~L_FORWARD;
    319          
    320              P6SEL0 |= R_REVERSE;
   \   000020   E2D24B02     BIS.B   #0x4, &0x24b
    321              P6SEL1 &= ~R_REVERSE;
   \   000024   E2C24D02     BIC.B   #0x4, &0x24d
    322              P6DIR |= R_REVERSE;
   \   000028   E2D24502     BIS.B   #0x4, &0x245
    323              //P6OUT &= ~R_REVERSE;
    324          
    325              P6SEL0 |= L_REVERSE_2355;
   \   00002C   F2D24B02     BIS.B   #0x8, &0x24b
    326              P6SEL1 &= ~L_REVERSE_2355;
   \   000030   F2C24D02     BIC.B   #0x8, &0x24d
    327              P6DIR |= L_REVERSE_2355;
   \   000034   F2D24502     BIS.B   #0x8, &0x245
    328              //P6OUT &= ~L_REVERSE_2355;
    329          
    330              P6SEL0 &= ~IR_LED;
   \   000038   F2C010004B02 BIC.B   #0x10, &0x24b
    331              P6SEL1 &= ~IR_LED;
   \   00003E   F2C010004D02 BIC.B   #0x10, &0x24d
    332              P6DIR &= ~IR_LED;//|= IR_LED;
   \   000044   F2C010004502 BIC.B   #0x10, &0x245
    333              //P6OUT |= IR_LED;
    334          
    335              P6SEL0 &= ~P6_5;
   \   00004A   F2C020004B02 BIC.B   #0x20, &0x24b
    336              P6SEL1 &= ~P6_5;
   \   000050   F2C020004D02 BIC.B   #0x20, &0x24d
    337              P6DIR &= ~P6_5;
   \   000056   F2C020004502 BIC.B   #0x20, &0x245
    338          
    339              P6SEL0 &= ~GRN_LED;
   \   00005C   F2C040004B02 BIC.B   #0x40, &0x24b
    340              P6SEL1 &= ~GRN_LED;
   \   000062   F2C040004D02 BIC.B   #0x40, &0x24d
    341              P6DIR |= GRN_LED;
   \   000068   F2D040004502 BIS.B   #0x40, &0x245
    342              P6OUT &= ~GRN_LED;
   \   00006E   F2C040004302 BIC.B   #0x40, &0x243
    343          }
   \   000074   1001         RETA
   \   000076                REQUIRE _A_PCOUT_L
   \   000076                REQUIRE _A_PCDIR_L
   \   000076                REQUIRE _A_PCSEL0_L
   \   000076                REQUIRE _A_PCSEL1_L

   Maximum stack usage in bytes:

   CSTACK Function
   ------ --------
      4   Init_Port1
      4   Init_Port2
      4   Init_Port3
      4   Init_Port4
      4   Init_Port5
      4   Init_Port6
      4   Init_Ports
        4   -> Init_Port1
        4   -> Init_Port2
        4   -> Init_Port3
        4   -> Init_Port4
        4   -> Init_Port5
        4   -> Init_Port6


   Segment part sizes:

   Bytes  Function/Label
   -----  --------------
     104  Init_Port1
     154  Init_Port2
     160  Init_Port3
     130  Init_Port4
      76  Init_Port5
     118  Init_Port6
      28  Init_Ports
       2  _A_PADIR_L
       2  _A_PAIES_L
       2  _A_PAIE_L
       2  _A_PAIFG_L
       2  _A_PAOUT_L
       2  _A_PAREN_L
       2  _A_PASEL0_L
       2  _A_PASEL1_L
       2  _A_PBDIR_L
       2  _A_PBIES_L
       2  _A_PBIE_L
       2  _A_PBIFG_L
       2  _A_PBOUT_L
       2  _A_PBREN_L
       2  _A_PBSEL0_L
       2  _A_PBSEL1_L
       2  _A_PCDIR_L
       2  _A_PCOUT_L
       2  _A_PCSEL0_L
       2  _A_PCSEL1_L

 
 770 bytes in segment CODE
  40 bytes in segment DATA16_AN
 
 770 bytes of CODE memory
   0 bytes of DATA memory (+ 40 bytes shared)

Errors: none
Warnings: none
